21:03:11,714  INFO DefaultTestContextBootstrapper:259 - Loaded default TestExecutionListener class names from location [META-INF/spring.factories]: [org.springframework.test.context.web.ServletTestExecutionListener, org.springframework.test.context.support.DirtiesContextBeforeModesTestExecutionListener, org.springframework.test.context.support.DependencyInjectionTestExecutionListener, org.springframework.test.context.support.DirtiesContextTestExecutionListener, org.springframework.test.context.transaction.TransactionalTestExecutionListener, org.springframework.test.context.jdbc.SqlScriptsTestExecutionListener]
21:03:11,745  INFO DefaultTestContextBootstrapper:185 - Using TestExecutionListeners: [org.springframework.test.context.web.ServletTestExecutionListener@1cf16ac, org.springframework.test.context.support.DirtiesContextBeforeModesTestExecutionListener@d9b7c1, org.springframework.test.context.support.DependencyInjectionTestExecutionListener@1af1bd6, org.springframework.test.context.support.DirtiesContextTestExecutionListener@14c7f77, org.springframework.test.context.transaction.TransactionalTestExecutionListener@1446579, org.springframework.test.context.jdbc.SqlScriptsTestExecutionListener@1621fe6]
21:03:12,613  INFO XmlBeanDefinitionReader:317 - Loading XML bean definitions from class path resource [applicationContext.xml]
21:03:12,948  INFO GenericApplicationContext:578 - Refreshing org.springframework.context.support.GenericApplicationContext@9addef: startup date [Mon Mar 12 21:03:12 CST 2018]; root of context hierarchy
21:03:13,027  INFO AutowiredAnnotationBeanPostProcessor:153 - JSR-330 'javax.inject.Inject' annotation found and supported for autowiring
21:03:13,097  INFO MLog:80 - MLog clients using log4j logging.
21:03:13,287  INFO C3P0Registry:204 - Initializing c3p0-0.9.1.2 [built 21-May-2007 15:04:56; debug? true; trace: 10]
21:03:13,420  INFO LocalContainerEntityManagerFactoryBean:339 - Building JPA container EntityManagerFactory for persistence unit 'default'
21:03:13,420  WARN HibernatePersistence:41 - HHH015016: Encountered a deprecated javax.persistence.spi.PersistenceProvider [org.hibernate.ejb.HibernatePersistence]; use [org.hibernate.jpa.HibernatePersistenceProvider] instead.
21:03:13,428  INFO LogHelper:31 - HHH000204: Processing PersistenceUnitInfo [
	name: default
	...]
21:03:13,511  INFO Version:37 - HHH000412: Hibernate Core {5.0.7.Final}
21:03:13,512  INFO Environment:213 - HHH000206: hibernate.properties not found
21:03:13,514  INFO Environment:317 - HHH000021: Bytecode provider name : javassist
21:03:13,562  INFO Version:66 - HCANN000001: Hibernate Commons Annotations {5.0.1.Final}
21:03:13,686  INFO AbstractPoolBackedDataSource:462 - Initializing c3p0 pool... com.mchange.v2.c3p0.ComboPooledDataSource [ acquireIncrement -> 3, acquireRetryAttempts -> 30, acquireRetryDelay -> 1000, autoCommitOnClose -> false, automaticTestTable -> null, breakAfterAcquireFailure -> false, checkoutTimeout -> 0, connectionCustomizerClassName -> null, connectionTesterClassName -> com.mchange.v2.c3p0.impl.DefaultConnectionTester, dataSourceName -> 31sr9d9u7as3j9syjevj|db7df3, debugUnreturnedConnectionStackTraces -> false, description -> null, driverClass -> oracle.jdbc.driver.OracleDriver, factoryClassLocation -> null, forceIgnoreUnresolvedTransactions -> false, identityToken -> 31sr9d9u7as3j9syjevj|db7df3, idleConnectionTestPeriod -> 0, initialPoolSize -> 3, jdbcUrl -> jdbc:oracle:thin:@192.168.6.100:1521:ORCL, maxAdministrativeTaskTime -> 0, maxConnectionAge -> 0, maxIdleTime -> 0, maxIdleTimeExcessConnections -> 0, maxPoolSize -> 15, maxStatements -> 0, maxStatementsPerConnection -> 0, minPoolSize -> 3, numHelperThreads -> 3, numThreadsAwaitingCheckoutDefaultUser -> 0, preferredTestQuery -> null, properties -> {user=******, password=******}, propertyCycle -> 0, testConnectionOnCheckin -> false, testConnectionOnCheckout -> false, unreturnedConnectionTimeout -> 0, usesTraditionalReflectiveProxies -> false ]
21:03:13,849  INFO Dialect:156 - HHH000400: Using dialect: org.hibernate.dialect.Oracle10gDialect
21:03:13,944  INFO LobCreatorBuilderImpl:124 - HHH000424: Disabling contextual LOB creation as createClob() method threw error : java.lang.reflect.InvocationTargetException
21:03:14,585  INFO SchemaUpdate:105 - HHH000228: Running hbm2ddl schema update
21:03:19,271  INFO GenericApplicationContext:960 - Closing org.springframework.context.support.GenericApplicationContext@9addef: startup date [Mon Mar 12 21:03:12 CST 2018]; root of context hierarchy
21:03:19,272  INFO LocalContainerEntityManagerFactoryBean:462 - Closing JPA EntityManagerFactory for persistence unit 'default'
21:19:55,541  INFO DefaultTestContextBootstrapper:259 - Loaded default TestExecutionListener class names from location [META-INF/spring.factories]: [org.springframework.test.context.web.ServletTestExecutionListener, org.springframework.test.context.support.DirtiesContextBeforeModesTestExecutionListener, org.springframework.test.context.support.DependencyInjectionTestExecutionListener, org.springframework.test.context.support.DirtiesContextTestExecutionListener, org.springframework.test.context.transaction.TransactionalTestExecutionListener, org.springframework.test.context.jdbc.SqlScriptsTestExecutionListener]
21:19:55,558  INFO DefaultTestContextBootstrapper:185 - Using TestExecutionListeners: [org.springframework.test.context.web.ServletTestExecutionListener@1621fe6, org.springframework.test.context.support.DirtiesContextBeforeModesTestExecutionListener@11c537f, org.springframework.test.context.support.DependencyInjectionTestExecutionListener@adcae8, org.springframework.test.context.support.DirtiesContextTestExecutionListener@1e4605c, org.springframework.test.context.transaction.TransactionalTestExecutionListener@727896, org.springframework.test.context.jdbc.SqlScriptsTestExecutionListener@14ace71]
21:19:55,875  INFO XmlBeanDefinitionReader:317 - Loading XML bean definitions from class path resource [applicationContext.xml]
21:19:56,168  INFO GenericApplicationContext:578 - Refreshing org.springframework.context.support.GenericApplicationContext@185b10b: startup date [Mon Mar 12 21:19:56 CST 2018]; root of context hierarchy
21:19:56,248  INFO AutowiredAnnotationBeanPostProcessor:153 - JSR-330 'javax.inject.Inject' annotation found and supported for autowiring
21:19:56,325  INFO MLog:80 - MLog clients using log4j logging.
21:19:56,518  INFO C3P0Registry:204 - Initializing c3p0-0.9.1.2 [built 21-May-2007 15:04:56; debug? true; trace: 10]
21:19:56,659  INFO LocalContainerEntityManagerFactoryBean:339 - Building JPA container EntityManagerFactory for persistence unit 'default'
21:19:56,659  WARN HibernatePersistence:41 - HHH015016: Encountered a deprecated javax.persistence.spi.PersistenceProvider [org.hibernate.ejb.HibernatePersistence]; use [org.hibernate.jpa.HibernatePersistenceProvider] instead.
21:19:56,667  INFO LogHelper:31 - HHH000204: Processing PersistenceUnitInfo [
	name: default
	...]
21:19:56,755  INFO Version:37 - HHH000412: Hibernate Core {5.0.7.Final}
21:19:56,757  INFO Environment:213 - HHH000206: hibernate.properties not found
21:19:56,758  INFO Environment:317 - HHH000021: Bytecode provider name : javassist
21:19:56,807  INFO Version:66 - HCANN000001: Hibernate Commons Annotations {5.0.1.Final}
21:19:56,935  INFO AbstractPoolBackedDataSource:462 - Initializing c3p0 pool... com.mchange.v2.c3p0.ComboPooledDataSource [ acquireIncrement -> 3, acquireRetryAttempts -> 30, acquireRetryDelay -> 1000, autoCommitOnClose -> false, automaticTestTable -> null, breakAfterAcquireFailure -> false, checkoutTimeout -> 0, connectionCustomizerClassName -> null, connectionTesterClassName -> com.mchange.v2.c3p0.impl.DefaultConnectionTester, dataSourceName -> 31sr9d9u7bdlmm1g8oulz|1219df4, debugUnreturnedConnectionStackTraces -> false, description -> null, driverClass -> oracle.jdbc.driver.OracleDriver, factoryClassLocation -> null, forceIgnoreUnresolvedTransactions -> false, identityToken -> 31sr9d9u7bdlmm1g8oulz|1219df4, idleConnectionTestPeriod -> 0, initialPoolSize -> 3, jdbcUrl -> jdbc:oracle:thin:@192.168.6.100:1521:ORCL, maxAdministrativeTaskTime -> 0, maxConnectionAge -> 0, maxIdleTime -> 0, maxIdleTimeExcessConnections -> 0, maxPoolSize -> 15, maxStatements -> 0, maxStatementsPerConnection -> 0, minPoolSize -> 3, numHelperThreads -> 3, numThreadsAwaitingCheckoutDefaultUser -> 0, preferredTestQuery -> null, properties -> {user=******, password=******}, propertyCycle -> 0, testConnectionOnCheckin -> false, testConnectionOnCheckout -> false, unreturnedConnectionTimeout -> 0, usesTraditionalReflectiveProxies -> false ]
21:19:57,085  INFO Dialect:156 - HHH000400: Using dialect: org.hibernate.dialect.Oracle10gDialect
21:19:57,178  INFO LobCreatorBuilderImpl:124 - HHH000424: Disabling contextual LOB creation as createClob() method threw error : java.lang.reflect.InvocationTargetException
21:19:57,772  INFO SchemaUpdate:105 - HHH000228: Running hbm2ddl schema update
21:20:00,625  INFO GenericApplicationContext:960 - Closing org.springframework.context.support.GenericApplicationContext@185b10b: startup date [Mon Mar 12 21:19:56 CST 2018]; root of context hierarchy
21:20:00,627  INFO LocalContainerEntityManagerFactoryBean:462 - Closing JPA EntityManagerFactory for persistence unit 'default'
21:25:34,455  INFO DefaultTestContextBootstrapper:259 - Loaded default TestExecutionListener class names from location [META-INF/spring.factories]: [org.springframework.test.context.web.ServletTestExecutionListener, org.springframework.test.context.support.DirtiesContextBeforeModesTestExecutionListener, org.springframework.test.context.support.DependencyInjectionTestExecutionListener, org.springframework.test.context.support.DirtiesContextTestExecutionListener, org.springframework.test.context.transaction.TransactionalTestExecutionListener, org.springframework.test.context.jdbc.SqlScriptsTestExecutionListener]
21:25:34,474  INFO DefaultTestContextBootstrapper:185 - Using TestExecutionListeners: [org.springframework.test.context.web.ServletTestExecutionListener@11c537f, org.springframework.test.context.support.DirtiesContextBeforeModesTestExecutionListener@adcae8, org.springframework.test.context.support.DependencyInjectionTestExecutionListener@1e4605c, org.springframework.test.context.support.DirtiesContextTestExecutionListener@727896, org.springframework.test.context.transaction.TransactionalTestExecutionListener@14ace71, org.springframework.test.context.jdbc.SqlScriptsTestExecutionListener@376cc3]
21:25:34,793  INFO XmlBeanDefinitionReader:317 - Loading XML bean definitions from class path resource [applicationContext.xml]
21:25:35,130  INFO GenericApplicationContext:578 - Refreshing org.springframework.context.support.GenericApplicationContext@2a5a5e: startup date [Mon Mar 12 21:25:35 CST 2018]; root of context hierarchy
21:25:35,208  INFO AutowiredAnnotationBeanPostProcessor:153 - JSR-330 'javax.inject.Inject' annotation found and supported for autowiring
21:25:35,281  INFO MLog:80 - MLog clients using log4j logging.
21:25:35,461  INFO C3P0Registry:204 - Initializing c3p0-0.9.1.2 [built 21-May-2007 15:04:56; debug? true; trace: 10]
21:25:35,598  INFO LocalContainerEntityManagerFactoryBean:339 - Building JPA container EntityManagerFactory for persistence unit 'default'
21:25:35,599  WARN HibernatePersistence:41 - HHH015016: Encountered a deprecated javax.persistence.spi.PersistenceProvider [org.hibernate.ejb.HibernatePersistence]; use [org.hibernate.jpa.HibernatePersistenceProvider] instead.
21:25:35,607  INFO LogHelper:31 - HHH000204: Processing PersistenceUnitInfo [
	name: default
	...]
21:25:35,691  INFO Version:37 - HHH000412: Hibernate Core {5.0.7.Final}
21:25:35,693  INFO Environment:213 - HHH000206: hibernate.properties not found
21:25:35,694  INFO Environment:317 - HHH000021: Bytecode provider name : javassist
21:25:35,743  INFO Version:66 - HCANN000001: Hibernate Commons Annotations {5.0.1.Final}
21:25:35,865  INFO AbstractPoolBackedDataSource:462 - Initializing c3p0 pool... com.mchange.v2.c3p0.ComboPooledDataSource [ acquireIncrement -> 3, acquireRetryAttempts -> 30, acquireRetryDelay -> 1000, autoCommitOnClose -> false, automaticTestTable -> null, breakAfterAcquireFailure -> false, checkoutTimeout -> 0, connectionCustomizerClassName -> null, connectionTesterClassName -> com.mchange.v2.c3p0.impl.DefaultConnectionTester, dataSourceName -> 1hge9md9u7bkv631pe7cwh|11ff531, debugUnreturnedConnectionStackTraces -> false, description -> null, driverClass -> oracle.jdbc.driver.OracleDriver, factoryClassLocation -> null, forceIgnoreUnresolvedTransactions -> false, identityToken -> 1hge9md9u7bkv631pe7cwh|11ff531, idleConnectionTestPeriod -> 0, initialPoolSize -> 3, jdbcUrl -> jdbc:oracle:thin:@192.168.6.100:1521:ORCL, maxAdministrativeTaskTime -> 0, maxConnectionAge -> 0, maxIdleTime -> 0, maxIdleTimeExcessConnections -> 0, maxPoolSize -> 15, maxStatements -> 0, maxStatementsPerConnection -> 0, minPoolSize -> 3, numHelperThreads -> 3, numThreadsAwaitingCheckoutDefaultUser -> 0, preferredTestQuery -> null, properties -> {user=******, password=******}, propertyCycle -> 0, testConnectionOnCheckin -> false, testConnectionOnCheckout -> false, unreturnedConnectionTimeout -> 0, usesTraditionalReflectiveProxies -> false ]
21:25:36,022  INFO Dialect:156 - HHH000400: Using dialect: org.hibernate.dialect.Oracle10gDialect
21:25:36,117  INFO LobCreatorBuilderImpl:124 - HHH000424: Disabling contextual LOB creation as createClob() method threw error : java.lang.reflect.InvocationTargetException
21:25:36,698  INFO SchemaUpdate:105 - HHH000228: Running hbm2ddl schema update
21:25:39,531  INFO GenericApplicationContext:960 - Closing org.springframework.context.support.GenericApplicationContext@2a5a5e: startup date [Mon Mar 12 21:25:35 CST 2018]; root of context hierarchy
21:25:39,532  INFO LocalContainerEntityManagerFactoryBean:462 - Closing JPA EntityManagerFactory for persistence unit 'default'
21:26:13,326  INFO DefaultTestContextBootstrapper:259 - Loaded default TestExecutionListener class names from location [META-INF/spring.factories]: [org.springframework.test.context.web.ServletTestExecutionListener, org.springframework.test.context.support.DirtiesContextBeforeModesTestExecutionListener, org.springframework.test.context.support.DependencyInjectionTestExecutionListener, org.springframework.test.context.support.DirtiesContextTestExecutionListener, org.springframework.test.context.transaction.TransactionalTestExecutionListener, org.springframework.test.context.jdbc.SqlScriptsTestExecutionListener]
21:26:13,344  INFO DefaultTestContextBootstrapper:185 - Using TestExecutionListeners: [org.springframework.test.context.web.ServletTestExecutionListener@adcae8, org.springframework.test.context.support.DirtiesContextBeforeModesTestExecutionListener@1e4605c, org.springframework.test.context.support.DependencyInjectionTestExecutionListener@727896, org.springframework.test.context.support.DirtiesContextTestExecutionListener@14ace71, org.springframework.test.context.transaction.TransactionalTestExecutionListener@376cc3, org.springframework.test.context.jdbc.SqlScriptsTestExecutionListener@c5aba9]
21:26:13,658  INFO XmlBeanDefinitionReader:317 - Loading XML bean definitions from class path resource [applicationContext.xml]
21:26:13,955  INFO GenericApplicationContext:578 - Refreshing org.springframework.context.support.GenericApplicationContext@92fa70: startup date [Mon Mar 12 21:26:13 CST 2018]; root of context hierarchy
21:26:14,036  INFO AutowiredAnnotationBeanPostProcessor:153 - JSR-330 'javax.inject.Inject' annotation found and supported for autowiring
21:26:14,112  INFO MLog:80 - MLog clients using log4j logging.
21:26:14,290  INFO C3P0Registry:204 - Initializing c3p0-0.9.1.2 [built 21-May-2007 15:04:56; debug? true; trace: 10]
21:26:14,431  INFO LocalContainerEntityManagerFactoryBean:339 - Building JPA container EntityManagerFactory for persistence unit 'default'
21:26:14,432  WARN HibernatePersistence:41 - HHH015016: Encountered a deprecated javax.persistence.spi.PersistenceProvider [org.hibernate.ejb.HibernatePersistence]; use [org.hibernate.jpa.HibernatePersistenceProvider] instead.
21:26:14,440  INFO LogHelper:31 - HHH000204: Processing PersistenceUnitInfo [
	name: default
	...]
21:26:14,528  INFO Version:37 - HHH000412: Hibernate Core {5.0.7.Final}
21:26:14,530  INFO Environment:213 - HHH000206: hibernate.properties not found
21:26:14,531  INFO Environment:317 - HHH000021: Bytecode provider name : javassist
21:26:14,582  INFO Version:66 - HCANN000001: Hibernate Commons Annotations {5.0.1.Final}
21:26:14,707  INFO AbstractPoolBackedDataSource:462 - Initializing c3p0 pool... com.mchange.v2.c3p0.ComboPooledDataSource [ acquireIncrement -> 3, acquireRetryAttempts -> 30, acquireRetryDelay -> 1000, autoCommitOnClose -> false, automaticTestTable -> null, breakAfterAcquireFailure -> false, checkoutTimeout -> 0, connectionCustomizerClassName -> null, connectionTesterClassName -> com.mchange.v2.c3p0.impl.DefaultConnectionTester, dataSourceName -> 1hge9md9u7blp4paz8ss5|11ff531, debugUnreturnedConnectionStackTraces -> false, description -> null, driverClass -> oracle.jdbc.driver.OracleDriver, factoryClassLocation -> null, forceIgnoreUnresolvedTransactions -> false, identityToken -> 1hge9md9u7blp4paz8ss5|11ff531, idleConnectionTestPeriod -> 0, initialPoolSize -> 3, jdbcUrl -> jdbc:oracle:thin:@192.168.6.100:1521:ORCL, maxAdministrativeTaskTime -> 0, maxConnectionAge -> 0, maxIdleTime -> 0, maxIdleTimeExcessConnections -> 0, maxPoolSize -> 15, maxStatements -> 0, maxStatementsPerConnection -> 0, minPoolSize -> 3, numHelperThreads -> 3, numThreadsAwaitingCheckoutDefaultUser -> 0, preferredTestQuery -> null, properties -> {user=******, password=******}, propertyCycle -> 0, testConnectionOnCheckin -> false, testConnectionOnCheckout -> false, unreturnedConnectionTimeout -> 0, usesTraditionalReflectiveProxies -> false ]
21:26:14,873  INFO Dialect:156 - HHH000400: Using dialect: org.hibernate.dialect.Oracle10gDialect
21:26:14,971  INFO LobCreatorBuilderImpl:124 - HHH000424: Disabling contextual LOB creation as createClob() method threw error : java.lang.reflect.InvocationTargetException
21:26:15,566  INFO SchemaUpdate:105 - HHH000228: Running hbm2ddl schema update
21:26:16,331  INFO GenericApplicationContext:960 - Closing org.springframework.context.support.GenericApplicationContext@92fa70: startup date [Mon Mar 12 21:26:13 CST 2018]; root of context hierarchy
21:26:16,333  INFO LocalContainerEntityManagerFactoryBean:462 - Closing JPA EntityManagerFactory for persistence unit 'default'
21:27:48,963  INFO DefaultTestContextBootstrapper:259 - Loaded default TestExecutionListener class names from location [META-INF/spring.factories]: [org.springframework.test.context.web.ServletTestExecutionListener, org.springframework.test.context.support.DirtiesContextBeforeModesTestExecutionListener, org.springframework.test.context.support.DependencyInjectionTestExecutionListener, org.springframework.test.context.support.DirtiesContextTestExecutionListener, org.springframework.test.context.transaction.TransactionalTestExecutionListener, org.springframework.test.context.jdbc.SqlScriptsTestExecutionListener]
21:27:48,981  INFO DefaultTestContextBootstrapper:185 - Using TestExecutionListeners: [org.springframework.test.context.web.ServletTestExecutionListener@1e4605c, org.springframework.test.context.support.DirtiesContextBeforeModesTestExecutionListener@727896, org.springframework.test.context.support.DependencyInjectionTestExecutionListener@14ace71, org.springframework.test.context.support.DirtiesContextTestExecutionListener@376cc3, org.springframework.test.context.transaction.TransactionalTestExecutionListener@c5aba9, org.springframework.test.context.jdbc.SqlScriptsTestExecutionListener@188ebd2]
21:27:49,326  INFO XmlBeanDefinitionReader:317 - Loading XML bean definitions from class path resource [applicationContext.xml]
21:27:49,621  INFO GenericApplicationContext:578 - Refreshing org.springframework.context.support.GenericApplicationContext@177d583: startup date [Mon Mar 12 21:27:49 CST 2018]; root of context hierarchy
21:27:49,701  INFO AutowiredAnnotationBeanPostProcessor:153 - JSR-330 'javax.inject.Inject' annotation found and supported for autowiring
21:27:49,783  INFO MLog:80 - MLog clients using log4j logging.
21:27:49,964  INFO C3P0Registry:204 - Initializing c3p0-0.9.1.2 [built 21-May-2007 15:04:56; debug? true; trace: 10]
21:27:50,099  INFO LocalContainerEntityManagerFactoryBean:339 - Building JPA container EntityManagerFactory for persistence unit 'default'
21:27:50,100  WARN HibernatePersistence:41 - HHH015016: Encountered a deprecated javax.persistence.spi.PersistenceProvider [org.hibernate.ejb.HibernatePersistence]; use [org.hibernate.jpa.HibernatePersistenceProvider] instead.
21:27:50,108  INFO LogHelper:31 - HHH000204: Processing PersistenceUnitInfo [
	name: default
	...]
21:27:50,193  INFO Version:37 - HHH000412: Hibernate Core {5.0.7.Final}
21:27:50,195  INFO Environment:213 - HHH000206: hibernate.properties not found
21:27:50,196  INFO Environment:317 - HHH000021: Bytecode provider name : javassist
21:27:50,247  INFO Version:66 - HCANN000001: Hibernate Commons Annotations {5.0.1.Final}
21:27:50,370  INFO AbstractPoolBackedDataSource:462 - Initializing c3p0 pool... com.mchange.v2.c3p0.ComboPooledDataSource [ acquireIncrement -> 3, acquireRetryAttempts -> 30, acquireRetryDelay -> 1000, autoCommitOnClose -> false, automaticTestTable -> null, breakAfterAcquireFailure -> false, checkoutTimeout -> 0, connectionCustomizerClassName -> null, connectionTesterClassName -> com.mchange.v2.c3p0.impl.DefaultConnectionTester, dataSourceName -> 1hge9md9u7bnqyd1ahc62u|be6739, debugUnreturnedConnectionStackTraces -> false, description -> null, driverClass -> oracle.jdbc.driver.OracleDriver, factoryClassLocation -> null, forceIgnoreUnresolvedTransactions -> false, identityToken -> 1hge9md9u7bnqyd1ahc62u|be6739, idleConnectionTestPeriod -> 0, initialPoolSize -> 3, jdbcUrl -> jdbc:oracle:thin:@192.168.6.100:1521:ORCL, maxAdministrativeTaskTime -> 0, maxConnectionAge -> 0, maxIdleTime -> 0, maxIdleTimeExcessConnections -> 0, maxPoolSize -> 15, maxStatements -> 0, maxStatementsPerConnection -> 0, minPoolSize -> 3, numHelperThreads -> 3, numThreadsAwaitingCheckoutDefaultUser -> 0, preferredTestQuery -> null, properties -> {user=******, password=******}, propertyCycle -> 0, testConnectionOnCheckin -> false, testConnectionOnCheckout -> false, unreturnedConnectionTimeout -> 0, usesTraditionalReflectiveProxies -> false ]
21:27:50,529  INFO Dialect:156 - HHH000400: Using dialect: org.hibernate.dialect.Oracle10gDialect
21:27:50,625  INFO LobCreatorBuilderImpl:124 - HHH000424: Disabling contextual LOB creation as createClob() method threw error : java.lang.reflect.InvocationTargetException
21:27:51,217  INFO SchemaUpdate:105 - HHH000228: Running hbm2ddl schema update
21:27:54,034  INFO QueryTranslatorFactoryInitiator:47 - HHH000397: Using ASTQueryTranslatorFactory
21:27:54,172  INFO GenericApplicationContext:960 - Closing org.springframework.context.support.GenericApplicationContext@177d583: startup date [Mon Mar 12 21:27:49 CST 2018]; root of context hierarchy
21:27:54,174  INFO LocalContainerEntityManagerFactoryBean:462 - Closing JPA EntityManagerFactory for persistence unit 'default'
21:28:36,211  INFO DefaultTestContextBootstrapper:259 - Loaded default TestExecutionListener class names from location [META-INF/spring.factories]: [org.springframework.test.context.web.ServletTestExecutionListener, org.springframework.test.context.support.DirtiesContextBeforeModesTestExecutionListener, org.springframework.test.context.support.DependencyInjectionTestExecutionListener, org.springframework.test.context.support.DirtiesContextTestExecutionListener, org.springframework.test.context.transaction.TransactionalTestExecutionListener, org.springframework.test.context.jdbc.SqlScriptsTestExecutionListener]
21:28:36,230  INFO DefaultTestContextBootstrapper:185 - Using TestExecutionListeners: [org.springframework.test.context.web.ServletTestExecutionListener@adcae8, org.springframework.test.context.support.DirtiesContextBeforeModesTestExecutionListener@1e4605c, org.springframework.test.context.support.DependencyInjectionTestExecutionListener@727896, org.springframework.test.context.support.DirtiesContextTestExecutionListener@14ace71, org.springframework.test.context.transaction.TransactionalTestExecutionListener@376cc3, org.springframework.test.context.jdbc.SqlScriptsTestExecutionListener@c5aba9]
21:28:36,543  INFO XmlBeanDefinitionReader:317 - Loading XML bean definitions from class path resource [applicationContext.xml]
21:28:36,847  INFO GenericApplicationContext:578 - Refreshing org.springframework.context.support.GenericApplicationContext@92fa70: startup date [Mon Mar 12 21:28:36 CST 2018]; root of context hierarchy
21:28:36,930  INFO AutowiredAnnotationBeanPostProcessor:153 - JSR-330 'javax.inject.Inject' annotation found and supported for autowiring
21:28:37,006  INFO MLog:80 - MLog clients using log4j logging.
21:28:37,192  INFO C3P0Registry:204 - Initializing c3p0-0.9.1.2 [built 21-May-2007 15:04:56; debug? true; trace: 10]
21:28:37,330  INFO LocalContainerEntityManagerFactoryBean:339 - Building JPA container EntityManagerFactory for persistence unit 'default'
21:28:37,331  WARN HibernatePersistence:41 - HHH015016: Encountered a deprecated javax.persistence.spi.PersistenceProvider [org.hibernate.ejb.HibernatePersistence]; use [org.hibernate.jpa.HibernatePersistenceProvider] instead.
21:28:37,339  INFO LogHelper:31 - HHH000204: Processing PersistenceUnitInfo [
	name: default
	...]
21:28:37,428  INFO Version:37 - HHH000412: Hibernate Core {5.0.7.Final}
21:28:37,430  INFO Environment:213 - HHH000206: hibernate.properties not found
21:28:37,432  INFO Environment:317 - HHH000021: Bytecode provider name : javassist
21:28:37,481  INFO Version:66 - HCANN000001: Hibernate Commons Annotations {5.0.1.Final}
21:28:37,607  INFO AbstractPoolBackedDataSource:462 - Initializing c3p0 pool... com.mchange.v2.c3p0.ComboPooledDataSource [ acquireIncrement -> 3, acquireRetryAttempts -> 30, acquireRetryDelay -> 1000, autoCommitOnClose -> false, automaticTestTable -> null, breakAfterAcquireFailure -> false, checkoutTimeout -> 0, connectionCustomizerClassName -> null, connectionTesterClassName -> com.mchange.v2.c3p0.impl.DefaultConnectionTester, dataSourceName -> 1hge9md9u7bore11ue3ykj|11a7808, debugUnreturnedConnectionStackTraces -> false, description -> null, driverClass -> oracle.jdbc.driver.OracleDriver, factoryClassLocation -> null, forceIgnoreUnresolvedTransactions -> false, identityToken -> 1hge9md9u7bore11ue3ykj|11a7808, idleConnectionTestPeriod -> 0, initialPoolSize -> 3, jdbcUrl -> jdbc:oracle:thin:@192.168.6.100:1521:ORCL, maxAdministrativeTaskTime -> 0, maxConnectionAge -> 0, maxIdleTime -> 0, maxIdleTimeExcessConnections -> 0, maxPoolSize -> 15, maxStatements -> 0, maxStatementsPerConnection -> 0, minPoolSize -> 3, numHelperThreads -> 3, numThreadsAwaitingCheckoutDefaultUser -> 0, preferredTestQuery -> null, properties -> {user=******, password=******}, propertyCycle -> 0, testConnectionOnCheckin -> false, testConnectionOnCheckout -> false, unreturnedConnectionTimeout -> 0, usesTraditionalReflectiveProxies -> false ]
21:28:37,776  INFO Dialect:156 - HHH000400: Using dialect: org.hibernate.dialect.Oracle10gDialect
21:28:37,876  INFO LobCreatorBuilderImpl:124 - HHH000424: Disabling contextual LOB creation as createClob() method threw error : java.lang.reflect.InvocationTargetException
21:28:38,475  INFO SchemaUpdate:105 - HHH000228: Running hbm2ddl schema update
21:28:39,228  INFO GenericApplicationContext:960 - Closing org.springframework.context.support.GenericApplicationContext@92fa70: startup date [Mon Mar 12 21:28:36 CST 2018]; root of context hierarchy
21:28:39,229  INFO LocalContainerEntityManagerFactoryBean:462 - Closing JPA EntityManagerFactory for persistence unit 'default'
21:28:54,927  INFO DefaultTestContextBootstrapper:259 - Loaded default TestExecutionListener class names from location [META-INF/spring.factories]: [org.springframework.test.context.web.ServletTestExecutionListener, org.springframework.test.context.support.DirtiesContextBeforeModesTestExecutionListener, org.springframework.test.context.support.DependencyInjectionTestExecutionListener, org.springframework.test.context.support.DirtiesContextTestExecutionListener, org.springframework.test.context.transaction.TransactionalTestExecutionListener, org.springframework.test.context.jdbc.SqlScriptsTestExecutionListener]
21:28:54,945  INFO DefaultTestContextBootstrapper:185 - Using TestExecutionListeners: [org.springframework.test.context.web.ServletTestExecutionListener@1e4605c, org.springframework.test.context.support.DirtiesContextBeforeModesTestExecutionListener@727896, org.springframework.test.context.support.DependencyInjectionTestExecutionListener@14ace71, org.springframework.test.context.support.DirtiesContextTestExecutionListener@376cc3, org.springframework.test.context.transaction.TransactionalTestExecutionListener@c5aba9, org.springframework.test.context.jdbc.SqlScriptsTestExecutionListener@188ebd2]
21:28:55,258  INFO XmlBeanDefinitionReader:317 - Loading XML bean definitions from class path resource [applicationContext.xml]
21:28:55,555  INFO GenericApplicationContext:578 - Refreshing org.springframework.context.support.GenericApplicationContext@177d583: startup date [Mon Mar 12 21:28:55 CST 2018]; root of context hierarchy
21:28:55,635  INFO AutowiredAnnotationBeanPostProcessor:153 - JSR-330 'javax.inject.Inject' annotation found and supported for autowiring
21:28:55,708  INFO MLog:80 - MLog clients using log4j logging.
21:28:55,889  INFO C3P0Registry:204 - Initializing c3p0-0.9.1.2 [built 21-May-2007 15:04:56; debug? true; trace: 10]
21:28:56,025  INFO LocalContainerEntityManagerFactoryBean:339 - Building JPA container EntityManagerFactory for persistence unit 'default'
21:28:56,026  WARN HibernatePersistence:41 - HHH015016: Encountered a deprecated javax.persistence.spi.PersistenceProvider [org.hibernate.ejb.HibernatePersistence]; use [org.hibernate.jpa.HibernatePersistenceProvider] instead.
21:28:56,034  INFO LogHelper:31 - HHH000204: Processing PersistenceUnitInfo [
	name: default
	...]
21:28:56,120  INFO Version:37 - HHH000412: Hibernate Core {5.0.7.Final}
21:28:56,122  INFO Environment:213 - HHH000206: hibernate.properties not found
21:28:56,123  INFO Environment:317 - HHH000021: Bytecode provider name : javassist
21:28:56,173  INFO Version:66 - HCANN000001: Hibernate Commons Annotations {5.0.1.Final}
21:28:56,294  INFO AbstractPoolBackedDataSource:462 - Initializing c3p0 pool... com.mchange.v2.c3p0.ComboPooledDataSource [ acquireIncrement -> 3, acquireRetryAttempts -> 30, acquireRetryDelay -> 1000, autoCommitOnClose -> false, automaticTestTable -> null, breakAfterAcquireFailure -> false, checkoutTimeout -> 0, connectionCustomizerClassName -> null, connectionTesterClassName -> com.mchange.v2.c3p0.impl.DefaultConnectionTester, dataSourceName -> 1hge9md9u7bp5tize4411|11a7808, debugUnreturnedConnectionStackTraces -> false, description -> null, driverClass -> oracle.jdbc.driver.OracleDriver, factoryClassLocation -> null, forceIgnoreUnresolvedTransactions -> false, identityToken -> 1hge9md9u7bp5tize4411|11a7808, idleConnectionTestPeriod -> 0, initialPoolSize -> 3, jdbcUrl -> jdbc:oracle:thin:@192.168.6.100:1521:ORCL, maxAdministrativeTaskTime -> 0, maxConnectionAge -> 0, maxIdleTime -> 0, maxIdleTimeExcessConnections -> 0, maxPoolSize -> 15, maxStatements -> 0, maxStatementsPerConnection -> 0, minPoolSize -> 3, numHelperThreads -> 3, numThreadsAwaitingCheckoutDefaultUser -> 0, preferredTestQuery -> null, properties -> {user=******, password=******}, propertyCycle -> 0, testConnectionOnCheckin -> false, testConnectionOnCheckout -> false, unreturnedConnectionTimeout -> 0, usesTraditionalReflectiveProxies -> false ]
21:28:56,461  INFO Dialect:156 - HHH000400: Using dialect: org.hibernate.dialect.Oracle10gDialect
21:28:56,558  INFO LobCreatorBuilderImpl:124 - HHH000424: Disabling contextual LOB creation as createClob() method threw error : java.lang.reflect.InvocationTargetException
21:28:57,154  INFO SchemaUpdate:105 - HHH000228: Running hbm2ddl schema update
21:28:57,884  INFO QueryTranslatorFactoryInitiator:47 - HHH000397: Using ASTQueryTranslatorFactory
21:28:58,015  INFO GenericApplicationContext:960 - Closing org.springframework.context.support.GenericApplicationContext@177d583: startup date [Mon Mar 12 21:28:55 CST 2018]; root of context hierarchy
21:28:58,016  INFO LocalContainerEntityManagerFactoryBean:462 - Closing JPA EntityManagerFactory for persistence unit 'default'
21:29:58,728  INFO DefaultTestContextBootstrapper:259 - Loaded default TestExecutionListener class names from location [META-INF/spring.factories]: [org.springframework.test.context.web.ServletTestExecutionListener, org.springframework.test.context.support.DirtiesContextBeforeModesTestExecutionListener, org.springframework.test.context.support.DependencyInjectionTestExecutionListener, org.springframework.test.context.support.DirtiesContextTestExecutionListener, org.springframework.test.context.transaction.TransactionalTestExecutionListener, org.springframework.test.context.jdbc.SqlScriptsTestExecutionListener]
21:29:58,746  INFO DefaultTestContextBootstrapper:185 - Using TestExecutionListeners: [org.springframework.test.context.web.ServletTestExecutionListener@1e4605c, org.springframework.test.context.support.DirtiesContextBeforeModesTestExecutionListener@727896, org.springframework.test.context.support.DependencyInjectionTestExecutionListener@14ace71, org.springframework.test.context.support.DirtiesContextTestExecutionListener@376cc3, org.springframework.test.context.transaction.TransactionalTestExecutionListener@c5aba9, org.springframework.test.context.jdbc.SqlScriptsTestExecutionListener@188ebd2]
21:29:59,061  INFO XmlBeanDefinitionReader:317 - Loading XML bean definitions from class path resource [applicationContext.xml]
21:29:59,352  INFO GenericApplicationContext:578 - Refreshing org.springframework.context.support.GenericApplicationContext@177d583: startup date [Mon Mar 12 21:29:59 CST 2018]; root of context hierarchy
21:29:59,434  INFO AutowiredAnnotationBeanPostProcessor:153 - JSR-330 'javax.inject.Inject' annotation found and supported for autowiring
21:29:59,508  INFO MLog:80 - MLog clients using log4j logging.
21:29:59,695  INFO C3P0Registry:204 - Initializing c3p0-0.9.1.2 [built 21-May-2007 15:04:56; debug? true; trace: 10]
21:29:59,834  INFO LocalContainerEntityManagerFactoryBean:339 - Building JPA container EntityManagerFactory for persistence unit 'default'
21:29:59,834  WARN HibernatePersistence:41 - HHH015016: Encountered a deprecated javax.persistence.spi.PersistenceProvider [org.hibernate.ejb.HibernatePersistence]; use [org.hibernate.jpa.HibernatePersistenceProvider] instead.
21:29:59,843  INFO LogHelper:31 - HHH000204: Processing PersistenceUnitInfo [
	name: default
	...]
21:29:59,928  INFO Version:37 - HHH000412: Hibernate Core {5.0.7.Final}
21:29:59,930  INFO Environment:213 - HHH000206: hibernate.properties not found
21:29:59,932  INFO Environment:317 - HHH000021: Bytecode provider name : javassist
21:29:59,980  INFO Version:66 - HCANN000001: Hibernate Commons Annotations {5.0.1.Final}
21:30:00,108  INFO AbstractPoolBackedDataSource:462 - Initializing c3p0 pool... com.mchange.v2.c3p0.ComboPooledDataSource [ acquireIncrement -> 3, acquireRetryAttempts -> 30, acquireRetryDelay -> 1000, autoCommitOnClose -> false, automaticTestTable -> null, breakAfterAcquireFailure -> false, checkoutTimeout -> 0, connectionCustomizerClassName -> null, connectionTesterClassName -> com.mchange.v2.c3p0.impl.DefaultConnectionTester, dataSourceName -> 1hge9md9u7bqj1q1lstomg|be6739, debugUnreturnedConnectionStackTraces -> false, description -> null, driverClass -> oracle.jdbc.driver.OracleDriver, factoryClassLocation -> null, forceIgnoreUnresolvedTransactions -> false, identityToken -> 1hge9md9u7bqj1q1lstomg|be6739, idleConnectionTestPeriod -> 0, initialPoolSize -> 3, jdbcUrl -> jdbc:oracle:thin:@192.168.6.100:1521:ORCL, maxAdministrativeTaskTime -> 0, maxConnectionAge -> 0, maxIdleTime -> 0, maxIdleTimeExcessConnections -> 0, maxPoolSize -> 15, maxStatements -> 0, maxStatementsPerConnection -> 0, minPoolSize -> 3, numHelperThreads -> 3, numThreadsAwaitingCheckoutDefaultUser -> 0, preferredTestQuery -> null, properties -> {user=******, password=******}, propertyCycle -> 0, testConnectionOnCheckin -> false, testConnectionOnCheckout -> false, unreturnedConnectionTimeout -> 0, usesTraditionalReflectiveProxies -> false ]
21:30:00,264  INFO Dialect:156 - HHH000400: Using dialect: org.hibernate.dialect.Oracle10gDialect
21:30:00,360  INFO LobCreatorBuilderImpl:124 - HHH000424: Disabling contextual LOB creation as createClob() method threw error : java.lang.reflect.InvocationTargetException
21:30:00,954  INFO SchemaUpdate:105 - HHH000228: Running hbm2ddl schema update
21:30:03,785  INFO GenericApplicationContext:960 - Closing org.springframework.context.support.GenericApplicationContext@177d583: startup date [Mon Mar 12 21:29:59 CST 2018]; root of context hierarchy
21:30:03,786  INFO LocalContainerEntityManagerFactoryBean:462 - Closing JPA EntityManagerFactory for persistence unit 'default'
21:32:21,937  INFO DefaultTestContextBootstrapper:259 - Loaded default TestExecutionListener class names from location [META-INF/spring.factories]: [org.springframework.test.context.web.ServletTestExecutionListener, org.springframework.test.context.support.DirtiesContextBeforeModesTestExecutionListener, org.springframework.test.context.support.DependencyInjectionTestExecutionListener, org.springframework.test.context.support.DirtiesContextTestExecutionListener, org.springframework.test.context.transaction.TransactionalTestExecutionListener, org.springframework.test.context.jdbc.SqlScriptsTestExecutionListener]
21:32:21,954  INFO DefaultTestContextBootstrapper:185 - Using TestExecutionListeners: [org.springframework.test.context.web.ServletTestExecutionListener@376cc3, org.springframework.test.context.support.DirtiesContextBeforeModesTestExecutionListener@c5aba9, org.springframework.test.context.support.DependencyInjectionTestExecutionListener@188ebd2, org.springframework.test.context.support.DirtiesContextTestExecutionListener@3252d6, org.springframework.test.context.transaction.TransactionalTestExecutionListener@1dc818d, org.springframework.test.context.jdbc.SqlScriptsTestExecutionListener@1bd8c6e]
21:32:22,258  INFO XmlBeanDefinitionReader:317 - Loading XML bean definitions from class path resource [applicationContext.xml]
21:32:22,544  INFO GenericApplicationContext:578 - Refreshing org.springframework.context.support.GenericApplicationContext@ceb8e2: startup date [Mon Mar 12 21:32:22 CST 2018]; root of context hierarchy
21:32:22,622  INFO AutowiredAnnotationBeanPostProcessor:153 - JSR-330 'javax.inject.Inject' annotation found and supported for autowiring
21:32:22,696  INFO MLog:80 - MLog clients using log4j logging.
21:32:22,875  INFO C3P0Registry:204 - Initializing c3p0-0.9.1.2 [built 21-May-2007 15:04:56; debug? true; trace: 10]
21:32:23,011  INFO LocalContainerEntityManagerFactoryBean:339 - Building JPA container EntityManagerFactory for persistence unit 'default'
21:32:23,012  WARN HibernatePersistence:41 - HHH015016: Encountered a deprecated javax.persistence.spi.PersistenceProvider [org.hibernate.ejb.HibernatePersistence]; use [org.hibernate.jpa.HibernatePersistenceProvider] instead.
21:32:23,020  INFO LogHelper:31 - HHH000204: Processing PersistenceUnitInfo [
	name: default
	...]
21:32:23,103  INFO Version:37 - HHH000412: Hibernate Core {5.0.7.Final}
21:32:23,105  INFO Environment:213 - HHH000206: hibernate.properties not found
21:32:23,106  INFO Environment:317 - HHH000021: Bytecode provider name : javassist
21:32:23,153  INFO Version:66 - HCANN000001: Hibernate Commons Annotations {5.0.1.Final}
21:32:23,272  INFO AbstractPoolBackedDataSource:462 - Initializing c3p0 pool... com.mchange.v2.c3p0.ComboPooledDataSource [ acquireIncrement -> 3, acquireRetryAttempts -> 30, acquireRetryDelay -> 1000, autoCommitOnClose -> false, automaticTestTable -> null, breakAfterAcquireFailure -> false, checkoutTimeout -> 0, connectionCustomizerClassName -> null, connectionTesterClassName -> com.mchange.v2.c3p0.impl.DefaultConnectionTester, dataSourceName -> 1hge9md9u7btlj51lhrfva|17a5e49, debugUnreturnedConnectionStackTraces -> false, description -> null, driverClass -> oracle.jdbc.driver.OracleDriver, factoryClassLocation -> null, forceIgnoreUnresolvedTransactions -> false, identityToken -> 1hge9md9u7btlj51lhrfva|17a5e49, idleConnectionTestPeriod -> 0, initialPoolSize -> 3, jdbcUrl -> jdbc:oracle:thin:@192.168.6.100:1521:ORCL, maxAdministrativeTaskTime -> 0, maxConnectionAge -> 0, maxIdleTime -> 0, maxIdleTimeExcessConnections -> 0, maxPoolSize -> 15, maxStatements -> 0, maxStatementsPerConnection -> 0, minPoolSize -> 3, numHelperThreads -> 3, numThreadsAwaitingCheckoutDefaultUser -> 0, preferredTestQuery -> null, properties -> {user=******, password=******}, propertyCycle -> 0, testConnectionOnCheckin -> false, testConnectionOnCheckout -> false, unreturnedConnectionTimeout -> 0, usesTraditionalReflectiveProxies -> false ]
21:32:23,439  INFO Dialect:156 - HHH000400: Using dialect: org.hibernate.dialect.Oracle10gDialect
21:32:23,530  INFO LobCreatorBuilderImpl:124 - HHH000424: Disabling contextual LOB creation as createClob() method threw error : java.lang.reflect.InvocationTargetException
21:32:24,125  INFO SchemaUpdate:105 - HHH000228: Running hbm2ddl schema update
21:32:24,906  INFO GenericApplicationContext:960 - Closing org.springframework.context.support.GenericApplicationContext@ceb8e2: startup date [Mon Mar 12 21:32:22 CST 2018]; root of context hierarchy
21:32:24,907  INFO LocalContainerEntityManagerFactoryBean:462 - Closing JPA EntityManagerFactory for persistence unit 'default'
16:25:41,010  INFO DefaultTestContextBootstrapper:259 - Loaded default TestExecutionListener class names from location [META-INF/spring.factories]: [org.springframework.test.context.web.ServletTestExecutionListener, org.springframework.test.context.support.DirtiesContextBeforeModesTestExecutionListener, org.springframework.test.context.support.DependencyInjectionTestExecutionListener, org.springframework.test.context.support.DirtiesContextTestExecutionListener, org.springframework.test.context.transaction.TransactionalTestExecutionListener, org.springframework.test.context.jdbc.SqlScriptsTestExecutionListener]
16:25:41,028  INFO DefaultTestContextBootstrapper:185 - Using TestExecutionListeners: [org.springframework.test.context.web.ServletTestExecutionListener@c5aba9, org.springframework.test.context.support.DirtiesContextBeforeModesTestExecutionListener@188ebd2, org.springframework.test.context.support.DependencyInjectionTestExecutionListener@3252d6, org.springframework.test.context.support.DirtiesContextTestExecutionListener@1dc818d, org.springframework.test.context.transaction.TransactionalTestExecutionListener@1bd8c6e, org.springframework.test.context.jdbc.SqlScriptsTestExecutionListener@14ebadd]
16:25:41,369  INFO XmlBeanDefinitionReader:317 - Loading XML bean definitions from class path resource [applicationContext.xml]
16:25:41,690  INFO GenericApplicationContext:578 - Refreshing org.springframework.context.support.GenericApplicationContext@1cc3436: startup date [Wed Mar 14 16:25:41 CST 2018]; root of context hierarchy
16:25:41,825  INFO AutowiredAnnotationBeanPostProcessor:153 - JSR-330 'javax.inject.Inject' annotation found and supported for autowiring
16:25:41,893  INFO MLog:80 - MLog clients using log4j logging.
16:25:42,108  INFO C3P0Registry:204 - Initializing c3p0-0.9.1.2 [built 21-May-2007 15:04:56; debug? true; trace: 10]
16:25:42,248  INFO LocalContainerEntityManagerFactoryBean:339 - Building JPA container EntityManagerFactory for persistence unit 'default'
16:25:42,248  WARN HibernatePersistence:41 - HHH015016: Encountered a deprecated javax.persistence.spi.PersistenceProvider [org.hibernate.ejb.HibernatePersistence]; use [org.hibernate.jpa.HibernatePersistenceProvider] instead.
16:25:42,256  INFO LogHelper:31 - HHH000204: Processing PersistenceUnitInfo [
	name: default
	...]
16:25:42,342  INFO Version:37 - HHH000412: Hibernate Core {5.0.7.Final}
16:25:42,343  INFO Environment:213 - HHH000206: hibernate.properties not found
16:25:42,345  INFO Environment:317 - HHH000021: Bytecode provider name : javassist
16:25:42,394  INFO Version:66 - HCANN000001: Hibernate Commons Annotations {5.0.1.Final}
16:25:42,549  INFO AbstractPoolBackedDataSource:462 - Initializing c3p0 pool... com.mchange.v2.c3p0.ComboPooledDataSource [ acquireIncrement -> 3, acquireRetryAttempts -> 30, acquireRetryDelay -> 1000, autoCommitOnClose -> false, automaticTestTable -> null, breakAfterAcquireFailure -> false, checkoutTimeout -> 0, connectionCustomizerClassName -> null, connectionTesterClassName -> com.mchange.v2.c3p0.impl.DefaultConnectionTester, dataSourceName -> 31srq29u9vqwptbhdn55|1c50966, debugUnreturnedConnectionStackTraces -> false, description -> null, driverClass -> oracle.jdbc.driver.OracleDriver, factoryClassLocation -> null, forceIgnoreUnresolvedTransactions -> false, identityToken -> 31srq29u9vqwptbhdn55|1c50966, idleConnectionTestPeriod -> 0, initialPoolSize -> 3, jdbcUrl -> jdbc:oracle:thin:@192.168.6.100:1521:ORCL, maxAdministrativeTaskTime -> 0, maxConnectionAge -> 0, maxIdleTime -> 0, maxIdleTimeExcessConnections -> 0, maxPoolSize -> 15, maxStatements -> 0, maxStatementsPerConnection -> 0, minPoolSize -> 3, numHelperThreads -> 3, numThreadsAwaitingCheckoutDefaultUser -> 0, preferredTestQuery -> null, properties -> {user=******, password=******}, propertyCycle -> 0, testConnectionOnCheckin -> false, testConnectionOnCheckout -> false, unreturnedConnectionTimeout -> 0, usesTraditionalReflectiveProxies -> false ]
16:25:42,737  INFO Dialect:156 - HHH000400: Using dialect: org.hibernate.dialect.Oracle10gDialect
16:25:42,835  INFO LobCreatorBuilderImpl:124 - HHH000424: Disabling contextual LOB creation as createClob() method threw error : java.lang.reflect.InvocationTargetException
16:25:43,438  INFO SchemaUpdate:105 - HHH000228: Running hbm2ddl schema update
16:25:46,253  INFO GenericApplicationContext:960 - Closing org.springframework.context.support.GenericApplicationContext@1cc3436: startup date [Wed Mar 14 16:25:41 CST 2018]; root of context hierarchy
16:25:46,254  INFO LocalContainerEntityManagerFactoryBean:462 - Closing JPA EntityManagerFactory for persistence unit 'default'
16:25:53,497  INFO DefaultTestContextBootstrapper:259 - Loaded default TestExecutionListener class names from location [META-INF/spring.factories]: [org.springframework.test.context.web.ServletTestExecutionListener, org.springframework.test.context.support.DirtiesContextBeforeModesTestExecutionListener, org.springframework.test.context.support.DependencyInjectionTestExecutionListener, org.springframework.test.context.support.DirtiesContextTestExecutionListener, org.springframework.test.context.transaction.TransactionalTestExecutionListener, org.springframework.test.context.jdbc.SqlScriptsTestExecutionListener]
16:25:53,514  INFO DefaultTestContextBootstrapper:185 - Using TestExecutionListeners: [org.springframework.test.context.web.ServletTestExecutionListener@188ebd2, org.springframework.test.context.support.DirtiesContextBeforeModesTestExecutionListener@3252d6, org.springframework.test.context.support.DependencyInjectionTestExecutionListener@1dc818d, org.springframework.test.context.support.DirtiesContextTestExecutionListener@1bd8c6e, org.springframework.test.context.transaction.TransactionalTestExecutionListener@14ebadd, org.springframework.test.context.jdbc.SqlScriptsTestExecutionListener@1ce0e18]
16:25:53,831  INFO XmlBeanDefinitionReader:317 - Loading XML bean definitions from class path resource [applicationContext.xml]
16:25:54,141  INFO GenericApplicationContext:578 - Refreshing org.springframework.context.support.GenericApplicationContext@177daaa: startup date [Wed Mar 14 16:25:54 CST 2018]; root of context hierarchy
16:25:54,246  INFO AutowiredAnnotationBeanPostProcessor:153 - JSR-330 'javax.inject.Inject' annotation found and supported for autowiring
16:25:54,313  INFO MLog:80 - MLog clients using log4j logging.
16:25:54,497  INFO C3P0Registry:204 - Initializing c3p0-0.9.1.2 [built 21-May-2007 15:04:56; debug? true; trace: 10]
16:25:54,633  INFO LocalContainerEntityManagerFactoryBean:339 - Building JPA container EntityManagerFactory for persistence unit 'default'
16:25:54,633  WARN HibernatePersistence:41 - HHH015016: Encountered a deprecated javax.persistence.spi.PersistenceProvider [org.hibernate.ejb.HibernatePersistence]; use [org.hibernate.jpa.HibernatePersistenceProvider] instead.
16:25:54,641  INFO LogHelper:31 - HHH000204: Processing PersistenceUnitInfo [
	name: default
	...]
16:25:54,725  INFO Version:37 - HHH000412: Hibernate Core {5.0.7.Final}
16:25:54,727  INFO Environment:213 - HHH000206: hibernate.properties not found
16:25:54,728  INFO Environment:317 - HHH000021: Bytecode provider name : javassist
16:25:54,778  INFO Version:66 - HCANN000001: Hibernate Commons Annotations {5.0.1.Final}
16:25:54,910  INFO AbstractPoolBackedDataSource:462 - Initializing c3p0 pool... com.mchange.v2.c3p0.ComboPooledDataSource [ acquireIncrement -> 3, acquireRetryAttempts -> 30, acquireRetryDelay -> 1000, autoCommitOnClose -> false, automaticTestTable -> null, breakAfterAcquireFailure -> false, checkoutTimeout -> 0, connectionCustomizerClassName -> null, connectionTesterClassName -> com.mchange.v2.c3p0.impl.DefaultConnectionTester, dataSourceName -> 31srq29u9vr6at1mpe9iq|ec15c8, debugUnreturnedConnectionStackTraces -> false, description -> null, driverClass -> oracle.jdbc.driver.OracleDriver, factoryClassLocation -> null, forceIgnoreUnresolvedTransactions -> false, identityToken -> 31srq29u9vr6at1mpe9iq|ec15c8, idleConnectionTestPeriod -> 0, initialPoolSize -> 3, jdbcUrl -> jdbc:oracle:thin:@192.168.6.100:1521:ORCL, maxAdministrativeTaskTime -> 0, maxConnectionAge -> 0, maxIdleTime -> 0, maxIdleTimeExcessConnections -> 0, maxPoolSize -> 15, maxStatements -> 0, maxStatementsPerConnection -> 0, minPoolSize -> 3, numHelperThreads -> 3, numThreadsAwaitingCheckoutDefaultUser -> 0, preferredTestQuery -> null, properties -> {user=******, password=******}, propertyCycle -> 0, testConnectionOnCheckin -> false, testConnectionOnCheckout -> false, unreturnedConnectionTimeout -> 0, usesTraditionalReflectiveProxies -> false ]
16:25:55,075  INFO Dialect:156 - HHH000400: Using dialect: org.hibernate.dialect.Oracle10gDialect
16:25:55,169  INFO LobCreatorBuilderImpl:124 - HHH000424: Disabling contextual LOB creation as createClob() method threw error : java.lang.reflect.InvocationTargetException
16:25:55,750  INFO SchemaUpdate:105 - HHH000228: Running hbm2ddl schema update
16:25:56,504  INFO GenericApplicationContext:960 - Closing org.springframework.context.support.GenericApplicationContext@177daaa: startup date [Wed Mar 14 16:25:54 CST 2018]; root of context hierarchy
16:25:56,506  INFO LocalContainerEntityManagerFactoryBean:462 - Closing JPA EntityManagerFactory for persistence unit 'default'
16:26:30,673  INFO DefaultTestContextBootstrapper:259 - Loaded default TestExecutionListener class names from location [META-INF/spring.factories]: [org.springframework.test.context.web.ServletTestExecutionListener, org.springframework.test.context.support.DirtiesContextBeforeModesTestExecutionListener, org.springframework.test.context.support.DependencyInjectionTestExecutionListener, org.springframework.test.context.support.DirtiesContextTestExecutionListener, org.springframework.test.context.transaction.TransactionalTestExecutionListener, org.springframework.test.context.jdbc.SqlScriptsTestExecutionListener]
16:26:30,690  INFO DefaultTestContextBootstrapper:185 - Using TestExecutionListeners: [org.springframework.test.context.web.ServletTestExecutionListener@c5aba9, org.springframework.test.context.support.DirtiesContextBeforeModesTestExecutionListener@188ebd2, org.springframework.test.context.support.DependencyInjectionTestExecutionListener@3252d6, org.springframework.test.context.support.DirtiesContextTestExecutionListener@1dc818d, org.springframework.test.context.transaction.TransactionalTestExecutionListener@1bd8c6e, org.springframework.test.context.jdbc.SqlScriptsTestExecutionListener@14ebadd]
16:26:31,000  INFO XmlBeanDefinitionReader:317 - Loading XML bean definitions from class path resource [applicationContext.xml]
16:26:31,290  INFO GenericApplicationContext:578 - Refreshing org.springframework.context.support.GenericApplicationContext@1cc3436: startup date [Wed Mar 14 16:26:31 CST 2018]; root of context hierarchy
16:26:31,394  INFO AutowiredAnnotationBeanPostProcessor:153 - JSR-330 'javax.inject.Inject' annotation found and supported for autowiring
16:26:31,461  INFO MLog:80 - MLog clients using log4j logging.
16:26:31,644  INFO C3P0Registry:204 - Initializing c3p0-0.9.1.2 [built 21-May-2007 15:04:56; debug? true; trace: 10]
16:26:31,777  INFO LocalContainerEntityManagerFactoryBean:339 - Building JPA container EntityManagerFactory for persistence unit 'default'
16:26:31,777  WARN HibernatePersistence:41 - HHH015016: Encountered a deprecated javax.persistence.spi.PersistenceProvider [org.hibernate.ejb.HibernatePersistence]; use [org.hibernate.jpa.HibernatePersistenceProvider] instead.
16:26:31,786  INFO LogHelper:31 - HHH000204: Processing PersistenceUnitInfo [
	name: default
	...]
16:26:31,869  INFO Version:37 - HHH000412: Hibernate Core {5.0.7.Final}
16:26:31,870  INFO Environment:213 - HHH000206: hibernate.properties not found
16:26:31,872  INFO Environment:317 - HHH000021: Bytecode provider name : javassist
16:26:31,920  INFO Version:66 - HCANN000001: Hibernate Commons Annotations {5.0.1.Final}
16:26:32,038  INFO AbstractPoolBackedDataSource:462 - Initializing c3p0 pool... com.mchange.v2.c3p0.ComboPooledDataSource [ acquireIncrement -> 3, acquireRetryAttempts -> 30, acquireRetryDelay -> 1000, autoCommitOnClose -> false, automaticTestTable -> null, breakAfterAcquireFailure -> false, checkoutTimeout -> 0, connectionCustomizerClassName -> null, connectionTesterClassName -> com.mchange.v2.c3p0.impl.DefaultConnectionTester, dataSourceName -> 31srq29u9vryyoduk1t|ec15c8, debugUnreturnedConnectionStackTraces -> false, description -> null, driverClass -> oracle.jdbc.driver.OracleDriver, factoryClassLocation -> null, forceIgnoreUnresolvedTransactions -> false, identityToken -> 31srq29u9vryyoduk1t|ec15c8, idleConnectionTestPeriod -> 0, initialPoolSize -> 3, jdbcUrl -> jdbc:oracle:thin:@192.168.6.100:1521:ORCL, maxAdministrativeTaskTime -> 0, maxConnectionAge -> 0, maxIdleTime -> 0, maxIdleTimeExcessConnections -> 0, maxPoolSize -> 15, maxStatements -> 0, maxStatementsPerConnection -> 0, minPoolSize -> 3, numHelperThreads -> 3, numThreadsAwaitingCheckoutDefaultUser -> 0, preferredTestQuery -> null, properties -> {user=******, password=******}, propertyCycle -> 0, testConnectionOnCheckin -> false, testConnectionOnCheckout -> false, unreturnedConnectionTimeout -> 0, usesTraditionalReflectiveProxies -> false ]
16:26:32,201  INFO Dialect:156 - HHH000400: Using dialect: org.hibernate.dialect.Oracle10gDialect
16:26:32,292  INFO LobCreatorBuilderImpl:124 - HHH000424: Disabling contextual LOB creation as createClob() method threw error : java.lang.reflect.InvocationTargetException
16:26:32,851  INFO SchemaUpdate:105 - HHH000228: Running hbm2ddl schema update
16:26:33,580  INFO GenericApplicationContext:960 - Closing org.springframework.context.support.GenericApplicationContext@1cc3436: startup date [Wed Mar 14 16:26:31 CST 2018]; root of context hierarchy
16:26:33,581  INFO LocalContainerEntityManagerFactoryBean:462 - Closing JPA EntityManagerFactory for persistence unit 'default'
16:26:42,159  INFO DefaultTestContextBootstrapper:259 - Loaded default TestExecutionListener class names from location [META-INF/spring.factories]: [org.springframework.test.context.web.ServletTestExecutionListener, org.springframework.test.context.support.DirtiesContextBeforeModesTestExecutionListener, org.springframework.test.context.support.DependencyInjectionTestExecutionListener, org.springframework.test.context.support.DirtiesContextTestExecutionListener, org.springframework.test.context.transaction.TransactionalTestExecutionListener, org.springframework.test.context.jdbc.SqlScriptsTestExecutionListener]
16:26:42,176  INFO DefaultTestContextBootstrapper:185 - Using TestExecutionListeners: [org.springframework.test.context.web.ServletTestExecutionListener@188ebd2, org.springframework.test.context.support.DirtiesContextBeforeModesTestExecutionListener@3252d6, org.springframework.test.context.support.DependencyInjectionTestExecutionListener@1dc818d, org.springframework.test.context.support.DirtiesContextTestExecutionListener@1bd8c6e, org.springframework.test.context.transaction.TransactionalTestExecutionListener@14ebadd, org.springframework.test.context.jdbc.SqlScriptsTestExecutionListener@1ce0e18]
16:26:42,473  INFO XmlBeanDefinitionReader:317 - Loading XML bean definitions from class path resource [applicationContext.xml]
16:26:42,754  INFO GenericApplicationContext:578 - Refreshing org.springframework.context.support.GenericApplicationContext@177daaa: startup date [Wed Mar 14 16:26:42 CST 2018]; root of context hierarchy
16:26:42,859  INFO AutowiredAnnotationBeanPostProcessor:153 - JSR-330 'javax.inject.Inject' annotation found and supported for autowiring
16:26:42,928  INFO MLog:80 - MLog clients using log4j logging.
16:26:43,127  INFO C3P0Registry:204 - Initializing c3p0-0.9.1.2 [built 21-May-2007 15:04:56; debug? true; trace: 10]
16:26:43,258  INFO LocalContainerEntityManagerFactoryBean:339 - Building JPA container EntityManagerFactory for persistence unit 'default'
16:26:43,258  WARN HibernatePersistence:41 - HHH015016: Encountered a deprecated javax.persistence.spi.PersistenceProvider [org.hibernate.ejb.HibernatePersistence]; use [org.hibernate.jpa.HibernatePersistenceProvider] instead.
16:26:43,267  INFO LogHelper:31 - HHH000204: Processing PersistenceUnitInfo [
	name: default
	...]
16:26:43,347  INFO Version:37 - HHH000412: Hibernate Core {5.0.7.Final}
16:26:43,349  INFO Environment:213 - HHH000206: hibernate.properties not found
16:26:43,350  INFO Environment:317 - HHH000021: Bytecode provider name : javassist
16:26:43,399  INFO Version:66 - HCANN000001: Hibernate Commons Annotations {5.0.1.Final}
16:26:43,514  INFO AbstractPoolBackedDataSource:462 - Initializing c3p0 pool... com.mchange.v2.c3p0.ComboPooledDataSource [ acquireIncrement -> 3, acquireRetryAttempts -> 30, acquireRetryDelay -> 1000, autoCommitOnClose -> false, automaticTestTable -> null, breakAfterAcquireFailure -> false, checkoutTimeout -> 0, connectionCustomizerClassName -> null, connectionTesterClassName -> com.mchange.v2.c3p0.impl.DefaultConnectionTester, dataSourceName -> 31srq29u9vs7t93vrbbu|ec15c8, debugUnreturnedConnectionStackTraces -> false, description -> null, driverClass -> oracle.jdbc.driver.OracleDriver, factoryClassLocation -> null, forceIgnoreUnresolvedTransactions -> false, identityToken -> 31srq29u9vs7t93vrbbu|ec15c8, idleConnectionTestPeriod -> 0, initialPoolSize -> 3, jdbcUrl -> jdbc:oracle:thin:@192.168.6.100:1521:ORCL, maxAdministrativeTaskTime -> 0, maxConnectionAge -> 0, maxIdleTime -> 0, maxIdleTimeExcessConnections -> 0, maxPoolSize -> 15, maxStatements -> 0, maxStatementsPerConnection -> 0, minPoolSize -> 3, numHelperThreads -> 3, numThreadsAwaitingCheckoutDefaultUser -> 0, preferredTestQuery -> null, properties -> {user=******, password=******}, propertyCycle -> 0, testConnectionOnCheckin -> false, testConnectionOnCheckout -> false, unreturnedConnectionTimeout -> 0, usesTraditionalReflectiveProxies -> false ]
16:26:43,674  INFO Dialect:156 - HHH000400: Using dialect: org.hibernate.dialect.Oracle10gDialect
16:26:43,763  INFO LobCreatorBuilderImpl:124 - HHH000424: Disabling contextual LOB creation as createClob() method threw error : java.lang.reflect.InvocationTargetException
16:26:44,315  INFO SchemaUpdate:105 - HHH000228: Running hbm2ddl schema update
16:26:45,084  INFO GenericApplicationContext:960 - Closing org.springframework.context.support.GenericApplicationContext@177daaa: startup date [Wed Mar 14 16:26:42 CST 2018]; root of context hierarchy
16:26:45,086  INFO LocalContainerEntityManagerFactoryBean:462 - Closing JPA EntityManagerFactory for persistence unit 'default'
20:31:54,064  INFO DefaultTestContextBootstrapper:259 - Loaded default TestExecutionListener class names from location [META-INF/spring.factories]: [org.springframework.test.context.web.ServletTestExecutionListener, org.springframework.test.context.support.DirtiesContextBeforeModesTestExecutionListener, org.springframework.test.context.support.DependencyInjectionTestExecutionListener, org.springframework.test.context.support.DirtiesContextTestExecutionListener, org.springframework.test.context.transaction.TransactionalTestExecutionListener, org.springframework.test.context.jdbc.SqlScriptsTestExecutionListener]
20:31:54,081  INFO DefaultTestContextBootstrapper:185 - Using TestExecutionListeners: [org.springframework.test.context.web.ServletTestExecutionListener@165de14, org.springframework.test.context.support.DirtiesContextBeforeModesTestExecutionListener@d73256, org.springframework.test.context.support.DependencyInjectionTestExecutionListener@29dbb8, org.springframework.test.context.support.DirtiesContextTestExecutionListener@1827c9, org.springframework.test.context.transaction.TransactionalTestExecutionListener@1dc11af, org.springframework.test.context.jdbc.SqlScriptsTestExecutionListener@10d1e0b]
20:31:54,520  INFO XmlBeanDefinitionReader:317 - Loading XML bean definitions from class path resource [applicationContext.xml]
20:31:54,905  INFO GenericApplicationContext:578 - Refreshing org.springframework.context.support.GenericApplicationContext@e7da60: startup date [Sun Mar 18 20:31:54 CST 2018]; root of context hierarchy
20:31:55,021  INFO AutowiredAnnotationBeanPostProcessor:153 - JSR-330 'javax.inject.Inject' annotation found and supported for autowiring
20:31:55,092  INFO MLog:80 - MLog clients using log4j logging.
20:31:55,333  INFO C3P0Registry:204 - Initializing c3p0-0.9.1.2 [built 21-May-2007 15:04:56; debug? true; trace: 10]
20:31:55,498  INFO LocalContainerEntityManagerFactoryBean:339 - Building JPA container EntityManagerFactory for persistence unit 'default'
20:31:55,499  WARN HibernatePersistence:41 - HHH015016: Encountered a deprecated javax.persistence.spi.PersistenceProvider [org.hibernate.ejb.HibernatePersistence]; use [org.hibernate.jpa.HibernatePersistenceProvider] instead.
20:31:55,504  INFO LogHelper:31 - HHH000204: Processing PersistenceUnitInfo [
	name: default
	...]
20:31:55,590  INFO Version:37 - HHH000412: Hibernate Core {5.0.7.Final}
20:31:55,592  INFO Environment:213 - HHH000206: hibernate.properties not found
20:31:55,593  INFO Environment:317 - HHH000021: Bytecode provider name : javassist
20:31:55,643  INFO Version:66 - HCANN000001: Hibernate Commons Annotations {5.0.1.Final}
20:31:55,764  INFO AbstractPoolBackedDataSource:462 - Initializing c3p0 pool... com.mchange.v2.c3p0.ComboPooledDataSource [ acquireIncrement -> 3, acquireRetryAttempts -> 30, acquireRetryDelay -> 1000, autoCommitOnClose -> false, automaticTestTable -> null, breakAfterAcquireFailure -> false, checkoutTimeout -> 0, connectionCustomizerClassName -> null, connectionTesterClassName -> com.mchange.v2.c3p0.impl.DefaultConnectionTester, dataSourceName -> 31srhq9ufuaygh1stphis|1c95033, debugUnreturnedConnectionStackTraces -> false, description -> null, driverClass -> oracle.jdbc.driver.OracleDriver, factoryClassLocation -> null, forceIgnoreUnresolvedTransactions -> false, identityToken -> 31srhq9ufuaygh1stphis|1c95033, idleConnectionTestPeriod -> 0, initialPoolSize -> 3, jdbcUrl -> jdbc:oracle:thin:@192.168.6.100:1521:ORCL, maxAdministrativeTaskTime -> 0, maxConnectionAge -> 0, maxIdleTime -> 0, maxIdleTimeExcessConnections -> 0, maxPoolSize -> 15, maxStatements -> 0, maxStatementsPerConnection -> 0, minPoolSize -> 3, numHelperThreads -> 3, numThreadsAwaitingCheckoutDefaultUser -> 0, preferredTestQuery -> null, properties -> {user=******, password=******}, propertyCycle -> 0, testConnectionOnCheckin -> false, testConnectionOnCheckout -> false, unreturnedConnectionTimeout -> 0, usesTraditionalReflectiveProxies -> false ]
20:31:55,920  INFO Dialect:156 - HHH000400: Using dialect: org.hibernate.dialect.Oracle10gDialect
20:31:56,014  INFO LobCreatorBuilderImpl:124 - HHH000424: Disabling contextual LOB creation as createClob() method threw error : java.lang.reflect.InvocationTargetException
20:31:56,674  INFO SchemaUpdate:105 - HHH000228: Running hbm2ddl schema update
20:32:00,153  INFO QueryTranslatorFactoryInitiator:47 - HHH000397: Using ASTQueryTranslatorFactory
20:32:00,275  WARN HqlSqlWalker:992 - [DEPRECATION] Encountered positional parameter near line 1, column 60 in HQL: [update com.it.bos.domain.Courier set deltag = 1 where id = ?].  Positional parameter are considered deprecated; use named parameters or JPA-style positional parameters instead.
20:32:01,196  INFO GenericApplicationContext:960 - Closing org.springframework.context.support.GenericApplicationContext@e7da60: startup date [Sun Mar 18 20:31:54 CST 2018]; root of context hierarchy
20:32:01,198  INFO LocalContainerEntityManagerFactoryBean:462 - Closing JPA EntityManagerFactory for persistence unit 'default'
15:06:21,763  INFO DefaultTestContextBootstrapper:259 - Loaded default TestExecutionListener class names from location [META-INF/spring.factories]: [org.springframework.test.context.web.ServletTestExecutionListener, org.springframework.test.context.support.DirtiesContextBeforeModesTestExecutionListener, org.springframework.test.context.support.DependencyInjectionTestExecutionListener, org.springframework.test.context.support.DirtiesContextTestExecutionListener, org.springframework.test.context.transaction.TransactionalTestExecutionListener, org.springframework.test.context.jdbc.SqlScriptsTestExecutionListener]
15:06:21,807  INFO DefaultTestContextBootstrapper:185 - Using TestExecutionListeners: [org.springframework.test.context.web.ServletTestExecutionListener@d73256, org.springframework.test.context.support.DirtiesContextBeforeModesTestExecutionListener@29dbb8, org.springframework.test.context.support.DependencyInjectionTestExecutionListener@1827c9, org.springframework.test.context.support.DirtiesContextTestExecutionListener@1dc11af, org.springframework.test.context.transaction.TransactionalTestExecutionListener@10d1e0b, org.springframework.test.context.jdbc.SqlScriptsTestExecutionListener@2f6be5]
15:06:22,344  INFO XmlBeanDefinitionReader:317 - Loading XML bean definitions from class path resource [applicationContext.xml]
15:06:23,015  INFO GenericApplicationContext:578 - Refreshing org.springframework.context.support.GenericApplicationContext@1b1d931: startup date [Mon Mar 19 15:06:23 CST 2018]; root of context hierarchy
15:06:23,157  INFO AutowiredAnnotationBeanPostProcessor:153 - JSR-330 'javax.inject.Inject' annotation found and supported for autowiring
15:06:23,286  INFO MLog:80 - MLog clients using log4j logging.
15:06:23,525  INFO C3P0Registry:204 - Initializing c3p0-0.9.1.2 [built 21-May-2007 15:04:56; debug? true; trace: 10]
15:06:23,713  INFO LocalContainerEntityManagerFactoryBean:339 - Building JPA container EntityManagerFactory for persistence unit 'default'
15:06:23,714  WARN HibernatePersistence:41 - HHH015016: Encountered a deprecated javax.persistence.spi.PersistenceProvider [org.hibernate.ejb.HibernatePersistence]; use [org.hibernate.jpa.HibernatePersistenceProvider] instead.
15:06:23,723  INFO LogHelper:31 - HHH000204: Processing PersistenceUnitInfo [
	name: default
	...]
15:06:23,827  INFO Version:37 - HHH000412: Hibernate Core {5.0.7.Final}
15:06:23,832  INFO Environment:213 - HHH000206: hibernate.properties not found
15:06:23,833  INFO Environment:317 - HHH000021: Bytecode provider name : javassist
15:06:23,894  INFO Version:66 - HCANN000001: Hibernate Commons Annotations {5.0.1.Final}
15:06:24,033  INFO AbstractPoolBackedDataSource:462 - Initializing c3p0 pool... com.mchange.v2.c3p0.ComboPooledDataSource [ acquireIncrement -> 3, acquireRetryAttempts -> 30, acquireRetryDelay -> 1000, autoCommitOnClose -> false, automaticTestTable -> null, breakAfterAcquireFailure -> false, checkoutTimeout -> 0, connectionCustomizerClassName -> null, connectionTesterClassName -> com.mchange.v2.c3p0.impl.DefaultConnectionTester, dataSourceName -> 31sr9g9ugy46ai3vj77y|1f543a, debugUnreturnedConnectionStackTraces -> false, description -> null, driverClass -> oracle.jdbc.driver.OracleDriver, factoryClassLocation -> null, forceIgnoreUnresolvedTransactions -> false, identityToken -> 31sr9g9ugy46ai3vj77y|1f543a, idleConnectionTestPeriod -> 0, initialPoolSize -> 3, jdbcUrl -> jdbc:oracle:thin:@192.168.6.100:1521:ORCL, maxAdministrativeTaskTime -> 0, maxConnectionAge -> 0, maxIdleTime -> 0, maxIdleTimeExcessConnections -> 0, maxPoolSize -> 15, maxStatements -> 0, maxStatementsPerConnection -> 0, minPoolSize -> 3, numHelperThreads -> 3, numThreadsAwaitingCheckoutDefaultUser -> 0, preferredTestQuery -> null, properties -> {user=******, password=******}, propertyCycle -> 0, testConnectionOnCheckin -> false, testConnectionOnCheckout -> false, unreturnedConnectionTimeout -> 0, usesTraditionalReflectiveProxies -> false ]
15:06:24,232  INFO Dialect:156 - HHH000400: Using dialect: org.hibernate.dialect.Oracle10gDialect
15:06:24,355  INFO LobCreatorBuilderImpl:124 - HHH000424: Disabling contextual LOB creation as createClob() method threw error : java.lang.reflect.InvocationTargetException
15:06:25,051  INFO SchemaUpdate:105 - HHH000228: Running hbm2ddl schema update
15:06:28,516  INFO QueryTranslatorFactoryInitiator:47 - HHH000397: Using ASTQueryTranslatorFactory
15:06:28,647  WARN HqlSqlWalker:992 - [DEPRECATION] Encountered positional parameter near line 1, column 60 in HQL: [update com.it.bos.domain.Courier set deltag = 1 where id = ?].  Positional parameter are considered deprecated; use named parameters or JPA-style positional parameters instead.
15:06:30,820  INFO GenericApplicationContext:960 - Closing org.springframework.context.support.GenericApplicationContext@1b1d931: startup date [Mon Mar 19 15:06:23 CST 2018]; root of context hierarchy
15:06:30,824  INFO LocalContainerEntityManagerFactoryBean:462 - Closing JPA EntityManagerFactory for persistence unit 'default'
15:37:41,432  INFO DefaultTestContextBootstrapper:259 - Loaded default TestExecutionListener class names from location [META-INF/spring.factories]: [org.springframework.test.context.web.ServletTestExecutionListener, org.springframework.test.context.support.DirtiesContextBeforeModesTestExecutionListener, org.springframework.test.context.support.DependencyInjectionTestExecutionListener, org.springframework.test.context.support.DirtiesContextTestExecutionListener, org.springframework.test.context.transaction.TransactionalTestExecutionListener, org.springframework.test.context.jdbc.SqlScriptsTestExecutionListener]
15:37:41,451  INFO DefaultTestContextBootstrapper:185 - Using TestExecutionListeners: [org.springframework.test.context.web.ServletTestExecutionListener@1628381, org.springframework.test.context.support.DirtiesContextBeforeModesTestExecutionListener@a7b7ff, org.springframework.test.context.support.DependencyInjectionTestExecutionListener@120f0be, org.springframework.test.context.support.DirtiesContextTestExecutionListener@19d4a86, org.springframework.test.context.transaction.TransactionalTestExecutionListener@187b08d, org.springframework.test.context.jdbc.SqlScriptsTestExecutionListener@1580c3a]
15:38:26,441  INFO DefaultTestContextBootstrapper:259 - Loaded default TestExecutionListener class names from location [META-INF/spring.factories]: [org.springframework.test.context.web.ServletTestExecutionListener, org.springframework.test.context.support.DirtiesContextBeforeModesTestExecutionListener, org.springframework.test.context.support.DependencyInjectionTestExecutionListener, org.springframework.test.context.support.DirtiesContextTestExecutionListener, org.springframework.test.context.transaction.TransactionalTestExecutionListener, org.springframework.test.context.jdbc.SqlScriptsTestExecutionListener]
15:38:26,460  INFO DefaultTestContextBootstrapper:185 - Using TestExecutionListeners: [org.springframework.test.context.web.ServletTestExecutionListener@120f0be, org.springframework.test.context.support.DirtiesContextBeforeModesTestExecutionListener@19d4a86, org.springframework.test.context.support.DependencyInjectionTestExecutionListener@187b08d, org.springframework.test.context.support.DirtiesContextTestExecutionListener@1580c3a, org.springframework.test.context.transaction.TransactionalTestExecutionListener@18aecf1, org.springframework.test.context.jdbc.SqlScriptsTestExecutionListener@1ca029b]
17:26:45,069  INFO DefaultTestContextBootstrapper:259 - Loaded default TestExecutionListener class names from location [META-INF/spring.factories]: [org.springframework.test.context.web.ServletTestExecutionListener, org.springframework.test.context.support.DirtiesContextBeforeModesTestExecutionListener, org.springframework.test.context.support.DependencyInjectionTestExecutionListener, org.springframework.test.context.support.DirtiesContextTestExecutionListener, org.springframework.test.context.transaction.TransactionalTestExecutionListener, org.springframework.test.context.jdbc.SqlScriptsTestExecutionListener]
17:26:45,088  INFO DefaultTestContextBootstrapper:185 - Using TestExecutionListeners: [org.springframework.test.context.web.ServletTestExecutionListener@142ef25, org.springframework.test.context.support.DirtiesContextBeforeModesTestExecutionListener@1628381, org.springframework.test.context.support.DependencyInjectionTestExecutionListener@a7b7ff, org.springframework.test.context.support.DirtiesContextTestExecutionListener@120f0be, org.springframework.test.context.transaction.TransactionalTestExecutionListener@19d4a86, org.springframework.test.context.jdbc.SqlScriptsTestExecutionListener@187b08d]
17:27:13,877  INFO DefaultTestContextBootstrapper:259 - Loaded default TestExecutionListener class names from location [META-INF/spring.factories]: [org.springframework.test.context.web.ServletTestExecutionListener, org.springframework.test.context.support.DirtiesContextBeforeModesTestExecutionListener, org.springframework.test.context.support.DependencyInjectionTestExecutionListener, org.springframework.test.context.support.DirtiesContextTestExecutionListener, org.springframework.test.context.transaction.TransactionalTestExecutionListener, org.springframework.test.context.jdbc.SqlScriptsTestExecutionListener]
17:27:13,893  INFO DefaultTestContextBootstrapper:185 - Using TestExecutionListeners: [org.springframework.test.context.web.ServletTestExecutionListener@1af1bd6, org.springframework.test.context.support.DirtiesContextBeforeModesTestExecutionListener@14c7f77, org.springframework.test.context.support.DependencyInjectionTestExecutionListener@1446579, org.springframework.test.context.support.DirtiesContextTestExecutionListener@1621fe6, org.springframework.test.context.transaction.TransactionalTestExecutionListener@11c537f, org.springframework.test.context.jdbc.SqlScriptsTestExecutionListener@adcae8]
17:27:14,255  INFO XmlBeanDefinitionReader:317 - Loading XML bean definitions from class path resource [applicationContext.xml]
17:27:14,568  INFO GenericApplicationContext:578 - Refreshing org.springframework.context.support.GenericApplicationContext@9fe953: startup date [Fri Mar 23 17:27:14 CST 2018]; root of context hierarchy
17:27:14,684  INFO AutowiredAnnotationBeanPostProcessor:153 - JSR-330 'javax.inject.Inject' annotation found and supported for autowiring
17:27:14,753  INFO MLog:80 - MLog clients using log4j logging.
17:27:14,969  INFO C3P0Registry:204 - Initializing c3p0-0.9.1.2 [built 21-May-2007 15:04:56; debug? true; trace: 10]
17:27:15,101  INFO LocalContainerEntityManagerFactoryBean:339 - Building JPA container EntityManagerFactory for persistence unit 'default'
17:27:15,101  WARN HibernatePersistence:41 - HHH015016: Encountered a deprecated javax.persistence.spi.PersistenceProvider [org.hibernate.ejb.HibernatePersistence]; use [org.hibernate.jpa.HibernatePersistenceProvider] instead.
17:27:15,107  INFO LogHelper:31 - HHH000204: Processing PersistenceUnitInfo [
	name: default
	...]
17:27:15,192  INFO Version:37 - HHH000412: Hibernate Core {5.0.7.Final}
17:27:15,194  INFO Environment:213 - HHH000206: hibernate.properties not found
17:27:15,196  INFO Environment:317 - HHH000021: Bytecode provider name : javassist
17:27:15,245  INFO Version:66 - HCANN000001: Hibernate Commons Annotations {5.0.1.Final}
17:27:15,361  INFO AbstractPoolBackedDataSource:462 - Initializing c3p0 pool... com.mchange.v2.c3p0.ComboPooledDataSource [ acquireIncrement -> 3, acquireRetryAttempts -> 30, acquireRetryDelay -> 1000, autoCommitOnClose -> false, automaticTestTable -> null, breakAfterAcquireFailure -> false, checkoutTimeout -> 0, connectionCustomizerClassName -> null, connectionTesterClassName -> com.mchange.v2.c3p0.impl.DefaultConnectionTester, dataSourceName -> 31srtv9umswq581rerbt7|188c7a7, debugUnreturnedConnectionStackTraces -> false, description -> null, driverClass -> oracle.jdbc.driver.OracleDriver, factoryClassLocation -> null, forceIgnoreUnresolvedTransactions -> false, identityToken -> 31srtv9umswq581rerbt7|188c7a7, idleConnectionTestPeriod -> 0, initialPoolSize -> 3, jdbcUrl -> jdbc:oracle:thin:@192.168.6.100:1521:ORCL, maxAdministrativeTaskTime -> 0, maxConnectionAge -> 0, maxIdleTime -> 0, maxIdleTimeExcessConnections -> 0, maxPoolSize -> 15, maxStatements -> 0, maxStatementsPerConnection -> 0, minPoolSize -> 3, numHelperThreads -> 3, numThreadsAwaitingCheckoutDefaultUser -> 0, preferredTestQuery -> null, properties -> {user=******, password=******}, propertyCycle -> 0, testConnectionOnCheckin -> false, testConnectionOnCheckout -> false, unreturnedConnectionTimeout -> 0, usesTraditionalReflectiveProxies -> false ]
17:27:15,515  INFO Dialect:156 - HHH000400: Using dialect: org.hibernate.dialect.Oracle10gDialect
17:27:15,606  INFO LobCreatorBuilderImpl:124 - HHH000424: Disabling contextual LOB creation as createClob() method threw error : java.lang.reflect.InvocationTargetException
17:27:16,244  INFO SchemaUpdate:105 - HHH000228: Running hbm2ddl schema update
17:27:20,109  INFO QueryTranslatorFactoryInitiator:47 - HHH000397: Using ASTQueryTranslatorFactory
17:27:20,266  WARN HqlSqlWalker:992 - [DEPRECATION] Encountered positional parameter near line 1, column 60 in HQL: [update com.it.bos.domain.Courier set deltag = 1 where id = ?].  Positional parameter are considered deprecated; use named parameters or JPA-style positional parameters instead.
17:27:22,038  WARN PhaseInterceptorChain:452 - Interceptor for {http://localhost:8180/crm/webService/customerService/findAll}WebClient has thrown exception, unwinding now
org.apache.cxf.interceptor.Fault: Could not send Message.
	at org.apache.cxf.interceptor.MessageSenderInterceptor$MessageSenderEndingInterceptor.handleMessage(MessageSenderInterceptor.java:64)
	at org.apache.cxf.phase.PhaseInterceptorChain.doIntercept(PhaseInterceptorChain.java:307)
	at org.apache.cxf.jaxrs.client.AbstractClient.doRunInterceptorChain(AbstractClient.java:619)
	at org.apache.cxf.jaxrs.client.WebClient.doChainedInvocation(WebClient.java:1088)
	at org.apache.cxf.jaxrs.client.WebClient.doInvoke(WebClient.java:883)
	at org.apache.cxf.jaxrs.client.WebClient.doInvoke(WebClient.java:854)
	at org.apache.cxf.jaxrs.client.WebClient.invokeAndGetCollection(WebClient.java:513)
	at org.apache.cxf.jaxrs.client.WebClient.getCollection(WebClient.java:589)
	at com.it.bos.dao.test.Text.fun06(Text.java:74)
	at sun.reflect.NativeMethodAccessorImpl.invoke0(Native Method)
	at sun.reflect.NativeMethodAccessorImpl.invoke(NativeMethodAccessorImpl.java:57)
	at sun.reflect.DelegatingMethodAccessorImpl.invoke(DelegatingMethodAccessorImpl.java:43)
	at java.lang.reflect.Method.invoke(Method.java:606)
	at org.junit.runners.model.FrameworkMethod$1.runReflectiveCall(FrameworkMethod.java:47)
	at org.junit.internal.runners.model.ReflectiveCallable.run(ReflectiveCallable.java:12)
	at org.junit.runners.model.FrameworkMethod.invokeExplosively(FrameworkMethod.java:44)
	at org.junit.internal.runners.statements.InvokeMethod.evaluate(InvokeMethod.java:17)
	at org.springframework.test.context.junit4.statements.RunBeforeTestMethodCallbacks.evaluate(RunBeforeTestMethodCallbacks.java:75)
	at org.springframework.test.context.junit4.statements.RunAfterTestMethodCallbacks.evaluate(RunAfterTestMethodCallbacks.java:86)
	at org.springframework.test.context.junit4.statements.SpringRepeat.evaluate(SpringRepeat.java:84)
	at org.junit.runners.ParentRunner.runLeaf(ParentRunner.java:271)
	at org.springframework.test.context.junit4.SpringJUnit4ClassRunner.runChild(SpringJUnit4ClassRunner.java:254)
	at org.springframework.test.context.junit4.SpringJUnit4ClassRunner.runChild(SpringJUnit4ClassRunner.java:89)
	at org.junit.runners.ParentRunner$3.run(ParentRunner.java:238)
	at org.junit.runners.ParentRunner$1.schedule(ParentRunner.java:63)
	at org.junit.runners.ParentRunner.runChildren(ParentRunner.java:236)
	at org.junit.runners.ParentRunner.access$000(ParentRunner.java:53)
	at org.junit.runners.ParentRunner$2.evaluate(ParentRunner.java:229)
	at org.springframework.test.context.junit4.statements.RunBeforeTestClassCallbacks.evaluate(RunBeforeTestClassCallbacks.java:61)
	at org.springframework.test.context.junit4.statements.RunAfterTestClassCallbacks.evaluate(RunAfterTestClassCallbacks.java:70)
	at org.junit.runners.ParentRunner.run(ParentRunner.java:309)
	at org.springframework.test.context.junit4.SpringJUnit4ClassRunner.run(SpringJUnit4ClassRunner.java:193)
	at org.eclipse.jdt.internal.junit4.runner.JUnit4TestReference.run(JUnit4TestReference.java:86)
	at org.eclipse.jdt.internal.junit.runner.TestExecution.run(TestExecution.java:38)
	at org.eclipse.jdt.internal.junit.runner.RemoteTestRunner.runTests(RemoteTestRunner.java:459)
	at org.eclipse.jdt.internal.junit.runner.RemoteTestRunner.runTests(RemoteTestRunner.java:675)
	at org.eclipse.jdt.internal.junit.runner.RemoteTestRunner.run(RemoteTestRunner.java:382)
	at org.eclipse.jdt.internal.junit.runner.RemoteTestRunner.main(RemoteTestRunner.java:192)
Caused by: java.net.ConnectException: ConnectException invoking http://localhost:8180/crm/webService/customerService/findAll: Connection refused: connect
	at sun.reflect.NativeConstructorAccessorImpl.newInstance0(Native Method)
	at sun.reflect.NativeConstructorAccessorImpl.newInstance(NativeConstructorAccessorImpl.java:57)
	at sun.reflect.DelegatingConstructorAccessorImpl.newInstance(DelegatingConstructorAccessorImpl.java:45)
	at java.lang.reflect.Constructor.newInstance(Constructor.java:526)
	at org.apache.cxf.transport.http.HTTPConduit$WrappedOutputStream.mapException(HTTPConduit.java:1359)
	at org.apache.cxf.transport.http.HTTPConduit$WrappedOutputStream.close(HTTPConduit.java:1343)
	at org.apache.cxf.transport.AbstractConduit.close(AbstractConduit.java:56)
	at org.apache.cxf.transport.http.HTTPConduit.close(HTTPConduit.java:638)
	at org.apache.cxf.interceptor.MessageSenderInterceptor$MessageSenderEndingInterceptor.handleMessage(MessageSenderInterceptor.java:62)
	... 37 more
Caused by: java.net.ConnectException: Connection refused: connect
	at java.net.DualStackPlainSocketImpl.waitForConnect(Native Method)
	at java.net.DualStackPlainSocketImpl.socketConnect(DualStackPlainSocketImpl.java:85)
	at java.net.AbstractPlainSocketImpl.doConnect(AbstractPlainSocketImpl.java:339)
	at java.net.AbstractPlainSocketImpl.connectToAddress(AbstractPlainSocketImpl.java:200)
	at java.net.AbstractPlainSocketImpl.connect(AbstractPlainSocketImpl.java:182)
	at java.net.PlainSocketImpl.connect(PlainSocketImpl.java:172)
	at java.net.SocksSocketImpl.connect(SocksSocketImpl.java:392)
	at java.net.Socket.connect(Socket.java:579)
	at sun.net.NetworkClient.doConnect(NetworkClient.java:175)
	at sun.net.www.http.HttpClient.openServer(HttpClient.java:432)
	at sun.net.www.http.HttpClient.openServer(HttpClient.java:527)
	at sun.net.www.http.HttpClient.<init>(HttpClient.java:211)
	at sun.net.www.http.HttpClient.New(HttpClient.java:308)
	at sun.net.www.http.HttpClient.New(HttpClient.java:326)
	at sun.net.www.protocol.http.HttpURLConnection.getNewHttpClient(HttpURLConnection.java:996)
	at sun.net.www.protocol.http.HttpURLConnection.plainConnect(HttpURLConnection.java:932)
	at sun.net.www.protocol.http.HttpURLConnection.connect(HttpURLConnection.java:850)
	at sun.net.www.protocol.http.HttpURLConnection.getInputStream(HttpURLConnection.java:1300)
	at java.net.HttpURLConnection.getResponseCode(HttpURLConnection.java:468)
	at org.apache.cxf.transport.http.URLConnectionHTTPConduit$URLConnectionWrappedOutputStream.getResponseCode(URLConnectionHTTPConduit.java:266)
	at org.apache.cxf.transport.http.HTTPConduit$WrappedOutputStream.handleResponseInternal(HTTPConduit.java:1555)
	at org.apache.cxf.transport.http.HTTPConduit$WrappedOutputStream.handleResponse(HTTPConduit.java:1525)
	at org.apache.cxf.transport.http.HTTPConduit$WrappedOutputStream.close(HTTPConduit.java:1330)
	... 40 more
17:27:22,042  INFO GenericApplicationContext:960 - Closing org.springframework.context.support.GenericApplicationContext@9fe953: startup date [Fri Mar 23 17:27:14 CST 2018]; root of context hierarchy
17:27:22,046  INFO LocalContainerEntityManagerFactoryBean:462 - Closing JPA EntityManagerFactory for persistence unit 'default'
17:27:52,569  INFO DefaultTestContextBootstrapper:259 - Loaded default TestExecutionListener class names from location [META-INF/spring.factories]: [org.springframework.test.context.web.ServletTestExecutionListener, org.springframework.test.context.support.DirtiesContextBeforeModesTestExecutionListener, org.springframework.test.context.support.DependencyInjectionTestExecutionListener, org.springframework.test.context.support.DirtiesContextTestExecutionListener, org.springframework.test.context.transaction.TransactionalTestExecutionListener, org.springframework.test.context.jdbc.SqlScriptsTestExecutionListener]
17:27:52,589  INFO DefaultTestContextBootstrapper:185 - Using TestExecutionListeners: [org.springframework.test.context.web.ServletTestExecutionListener@142ef25, org.springframework.test.context.support.DirtiesContextBeforeModesTestExecutionListener@1628381, org.springframework.test.context.support.DependencyInjectionTestExecutionListener@a7b7ff, org.springframework.test.context.support.DirtiesContextTestExecutionListener@120f0be, org.springframework.test.context.transaction.TransactionalTestExecutionListener@19d4a86, org.springframework.test.context.jdbc.SqlScriptsTestExecutionListener@187b08d]
17:28:17,860  INFO DefaultTestContextBootstrapper:259 - Loaded default TestExecutionListener class names from location [META-INF/spring.factories]: [org.springframework.test.context.web.ServletTestExecutionListener, org.springframework.test.context.support.DirtiesContextBeforeModesTestExecutionListener, org.springframework.test.context.support.DependencyInjectionTestExecutionListener, org.springframework.test.context.support.DirtiesContextTestExecutionListener, org.springframework.test.context.transaction.TransactionalTestExecutionListener, org.springframework.test.context.jdbc.SqlScriptsTestExecutionListener]
17:28:17,879  INFO DefaultTestContextBootstrapper:185 - Using TestExecutionListeners: [org.springframework.test.context.web.ServletTestExecutionListener@3dad65, org.springframework.test.context.support.DirtiesContextBeforeModesTestExecutionListener@142ef25, org.springframework.test.context.support.DependencyInjectionTestExecutionListener@1628381, org.springframework.test.context.support.DirtiesContextTestExecutionListener@a7b7ff, org.springframework.test.context.transaction.TransactionalTestExecutionListener@120f0be, org.springframework.test.context.jdbc.SqlScriptsTestExecutionListener@19d4a86]
17:28:54,896  INFO DefaultTestContextBootstrapper:259 - Loaded default TestExecutionListener class names from location [META-INF/spring.factories]: [org.springframework.test.context.web.ServletTestExecutionListener, org.springframework.test.context.support.DirtiesContextBeforeModesTestExecutionListener, org.springframework.test.context.support.DependencyInjectionTestExecutionListener, org.springframework.test.context.support.DirtiesContextTestExecutionListener, org.springframework.test.context.transaction.TransactionalTestExecutionListener, org.springframework.test.context.jdbc.SqlScriptsTestExecutionListener]
17:28:54,916  INFO DefaultTestContextBootstrapper:185 - Using TestExecutionListeners: [org.springframework.test.context.web.ServletTestExecutionListener@18a4aef, org.springframework.test.context.support.DirtiesContextBeforeModesTestExecutionListener@3dad65, org.springframework.test.context.support.DependencyInjectionTestExecutionListener@142ef25, org.springframework.test.context.support.DirtiesContextTestExecutionListener@1628381, org.springframework.test.context.transaction.TransactionalTestExecutionListener@a7b7ff, org.springframework.test.context.jdbc.SqlScriptsTestExecutionListener@120f0be]
17:28:55,226  INFO XmlBeanDefinitionReader:317 - Loading XML bean definitions from class path resource [applicationContext.xml]
17:28:55,534  INFO GenericApplicationContext:578 - Refreshing org.springframework.context.support.GenericApplicationContext@10cc23b: startup date [Fri Mar 23 17:28:55 CST 2018]; root of context hierarchy
17:28:55,654  INFO AutowiredAnnotationBeanPostProcessor:153 - JSR-330 'javax.inject.Inject' annotation found and supported for autowiring
17:28:55,762  INFO MLog:80 - MLog clients using log4j logging.
17:28:56,011  INFO C3P0Registry:204 - Initializing c3p0-0.9.1.2 [built 21-May-2007 15:04:56; debug? true; trace: 10]
17:28:56,143  INFO LocalContainerEntityManagerFactoryBean:339 - Building JPA container EntityManagerFactory for persistence unit 'default'
17:28:56,143  WARN HibernatePersistence:41 - HHH015016: Encountered a deprecated javax.persistence.spi.PersistenceProvider [org.hibernate.ejb.HibernatePersistence]; use [org.hibernate.jpa.HibernatePersistenceProvider] instead.
17:28:56,149  INFO LogHelper:31 - HHH000204: Processing PersistenceUnitInfo [
	name: default
	...]
17:28:56,233  INFO Version:37 - HHH000412: Hibernate Core {5.0.7.Final}
17:28:56,235  INFO Environment:213 - HHH000206: hibernate.properties not found
17:28:56,236  INFO Environment:317 - HHH000021: Bytecode provider name : javassist
17:28:56,284  INFO Version:66 - HCANN000001: Hibernate Commons Annotations {5.0.1.Final}
17:28:56,403  INFO AbstractPoolBackedDataSource:462 - Initializing c3p0 pool... com.mchange.v2.c3p0.ComboPooledDataSource [ acquireIncrement -> 3, acquireRetryAttempts -> 30, acquireRetryDelay -> 1000, autoCommitOnClose -> false, automaticTestTable -> null, breakAfterAcquireFailure -> false, checkoutTimeout -> 0, connectionCustomizerClassName -> null, connectionTesterClassName -> com.mchange.v2.c3p0.impl.DefaultConnectionTester, dataSourceName -> 31srtv9umsyw2z12rutpv|14052e3, debugUnreturnedConnectionStackTraces -> false, description -> null, driverClass -> oracle.jdbc.driver.OracleDriver, factoryClassLocation -> null, forceIgnoreUnresolvedTransactions -> false, identityToken -> 31srtv9umsyw2z12rutpv|14052e3, idleConnectionTestPeriod -> 0, initialPoolSize -> 3, jdbcUrl -> jdbc:oracle:thin:@192.168.6.100:1521:ORCL, maxAdministrativeTaskTime -> 0, maxConnectionAge -> 0, maxIdleTime -> 0, maxIdleTimeExcessConnections -> 0, maxPoolSize -> 15, maxStatements -> 0, maxStatementsPerConnection -> 0, minPoolSize -> 3, numHelperThreads -> 3, numThreadsAwaitingCheckoutDefaultUser -> 0, preferredTestQuery -> null, properties -> {user=******, password=******}, propertyCycle -> 0, testConnectionOnCheckin -> false, testConnectionOnCheckout -> false, unreturnedConnectionTimeout -> 0, usesTraditionalReflectiveProxies -> false ]
17:28:56,551  INFO Dialect:156 - HHH000400: Using dialect: org.hibernate.dialect.Oracle10gDialect
17:28:56,646  INFO LobCreatorBuilderImpl:124 - HHH000424: Disabling contextual LOB creation as createClob() method threw error : java.lang.reflect.InvocationTargetException
17:28:57,264  INFO SchemaUpdate:105 - HHH000228: Running hbm2ddl schema update
17:29:01,106  INFO QueryTranslatorFactoryInitiator:47 - HHH000397: Using ASTQueryTranslatorFactory
17:29:01,224  WARN HqlSqlWalker:992 - [DEPRECATION] Encountered positional parameter near line 1, column 60 in HQL: [update com.it.bos.domain.Courier set deltag = 1 where id = ?].  Positional parameter are considered deprecated; use named parameters or JPA-style positional parameters instead.
17:29:01,388  INFO GenericApplicationContext:960 - Closing org.springframework.context.support.GenericApplicationContext@10cc23b: startup date [Fri Mar 23 17:28:55 CST 2018]; root of context hierarchy
17:29:01,390  INFO LocalContainerEntityManagerFactoryBean:462 - Closing JPA EntityManagerFactory for persistence unit 'default'
